2022-04-04 14:32:57,352 INFO org.springframework.boot.StartupInfoLogger [main] Starting SpaceshipRentApplication using Java 11.0.12 on Filipas-MacBook-Pro.local with PID 72500 (/Users/pipinha/BackEnd/spaceship-rent-temp/target/classes started by pipinha in /Users/pipinha/BackEnd/spaceship-rent-temp)
2022-04-04 14:32:57,358 INFO org.springframework.boot.SpringApplication [main] The following 1 profile is active: "dev"
2022-04-04 14:32:57,368 INFO org.hibernate.validator.internal.util.Version [background-preinit] HV000001: Hibernate Validator 6.2.2.Final
2022-04-04 14:32:59,602 INFO org.springframework.data.repository.config.RepositoryConfigurationDelegate [main] Bootstrapping Spring Data JPA repositories in DEFAULT mode.
2022-04-04 14:32:59,837 INFO org.springframework.data.repository.config.RepositoryConfigurationDelegate [main] Finished Spring Data repository scanning in 213 ms. Found 3 JPA repository interfaces.
2022-04-04 14:33:00,838 INFO org.springframework.boot.web.embedded.tomcat.TomcatWebServer [main] Tomcat initialized with port(s): 8080 (http)
2022-04-04 14:33:00,857 INFO org.apache.juli.logging.DirectJDKLog [main] Initializing ProtocolHandler ["http-nio-8080"]
2022-04-04 14:33:00,857 INFO org.apache.juli.logging.DirectJDKLog [main] Starting service [Tomcat]
2022-04-04 14:33:00,858 INFO org.apache.juli.logging.DirectJDKLog [main] Starting Servlet engine: [Apache Tomcat/9.0.58]
2022-04-04 14:33:01,025 INFO org.apache.juli.logging.DirectJDKLog [main] Initializing Spring embedded WebApplicationContext
2022-04-04 14:33:01,025 INFO org.springframework.boot.web.servlet.context.ServletWebServerApplicationContext [main] Root WebApplicationContext: initialization completed in 3411 ms
2022-04-04 14:33:01,296 INFO com.zaxxer.hikari.HikariDataSource [main] HikariPool-1 - Starting...
2022-04-04 14:33:01,620 INFO com.zaxxer.hikari.HikariDataSource [main] HikariPool-1 - Start completed.
2022-04-04 14:33:01,713 INFO org.hibernate.jpa.internal.util.LogHelper [main] HHH000204: Processing PersistenceUnitInfo [name: default]
2022-04-04 14:33:01,843 INFO org.hibernate.Version [main] HHH000412: Hibernate ORM core version 5.6.5.Final
2022-04-04 14:33:02,251 INFO org.hibernate.annotations.common.reflection.java.JavaReflectionManager [main] HCANN000001: Hibernate Commons Annotations {5.1.2.Final}
2022-04-04 14:33:02,507 INFO org.hibernate.dialect.Dialect [main] HHH000400: Using dialect: org.hibernate.dialect.PostgreSQL95Dialect
2022-04-04 14:33:04,490 INFO org.hibernate.engine.transaction.jta.platform.internal.JtaPlatformInitiator [main] HHH000490: Using JtaPlatform implementation: [org.hibernate.engine.transaction.jta.platform.internal.NoJtaPlatform]
2022-04-04 14:33:04,501 INFO org.springframework.orm.jpa.AbstractEntityManagerFactoryBean [main] Initialized JPA EntityManagerFactory for persistence unit 'default'
2022-04-04 14:33:05,659 WARN org.springframework.boot.autoconfigure.orm.jpa.JpaBaseConfiguration$JpaWebConfiguration [main] spring.jpa.open-in-view is enabled by default. Therefore, database queries may be performed during view rendering. Explicitly configure spring.jpa.open-in-view to disable this warning
2022-04-04 14:33:07,466 INFO org.apache.juli.logging.DirectJDKLog [main] Starting ProtocolHandler ["http-nio-8080"]
2022-04-04 14:33:07,509 INFO org.springframework.boot.web.embedded.tomcat.TomcatWebServer [main] Tomcat started on port(s): 8080 (http) with context path ''
2022-04-04 14:33:07,513 INFO org.springframework.amqp.rabbit.connection.AbstractConnectionFactory [main] Attempting to connect to: [localhost:5672]
2022-04-04 14:33:07,765 INFO org.springframework.amqp.rabbit.connection.AbstractConnectionFactory [main] Created new connection: rabbitConnectionFactory#51566ce0:0/SimpleConnection@93c66ef [delegate=amqp://guest@127.0.0.1:5672/, localPort= 49601]
2022-04-04 14:33:07,892 INFO org.springframework.boot.StartupInfoLogger [main] Started SpaceshipRentApplication in 16.563 seconds (JVM running for 18.742)
2022-04-04 14:34:16,323 INFO org.apache.juli.logging.DirectJDKLog [http-nio-8080-exec-1] Initializing Spring DispatcherServlet 'dispatcherServlet'
2022-04-04 14:34:16,323 INFO org.springframework.web.servlet.FrameworkServlet [http-nio-8080-exec-1] Initializing Servlet 'dispatcherServlet'
2022-04-04 14:34:16,325 INFO org.springframework.web.servlet.FrameworkServlet [http-nio-8080-exec-1] Completed initialization in 1 ms
2022-04-04 14:34:17,526 INFO org.springdoc.api.AbstractOpenApiResource [http-nio-8080-exec-6] Init duration for springdoc-openapi is: 493 ms
2022-04-04 14:35:22,597 INFO com.mindera.school.spaceshiprent.controller.UserController [http-nio-8080-exec-10] Request received to create user at 2022-04-04
2022-04-04 14:35:23,353 INFO com.mindera.school.spaceshiprent.components.EmailConsumer [org.springframework.amqp.rabbit.RabbitListenerEndpointContainer#0-1] Sent an email to client
2022-04-04 14:41:19,726 INFO org.springframework.amqp.rabbit.listener.SimpleMessageListenerContainer [SpringApplicationShutdownHook] Waiting for workers to finish.
2022-04-04 14:41:19,796 INFO org.springframework.amqp.rabbit.listener.SimpleMessageListenerContainer [SpringApplicationShutdownHook] Successfully waited for workers to finish.
2022-04-04 14:41:19,849 INFO org.springframework.orm.jpa.AbstractEntityManagerFactoryBean [SpringApplicationShutdownHook] Closing JPA EntityManagerFactory for persistence unit 'default'
2022-04-04 14:41:19,849 INFO org.hibernate.tool.schema.internal.SchemaDropperImpl$DelayedDropActionImpl [SpringApplicationShutdownHook] HHH000477: Starting delayed evictData of schema as part of SessionFactory shut-down'
2022-04-04 14:41:19,871 INFO com.zaxxer.hikari.HikariDataSource [SpringApplicationShutdownHook] HikariPool-1 - Shutdown initiated...
2022-04-04 14:41:19,882 INFO com.zaxxer.hikari.HikariDataSource [SpringApplicationShutdownHook] HikariPool-1 - Shutdown completed.
