2022-03-21 12:52:42,472 INFO org.springframework.boot.StartupInfoLogger [main] Starting SpaceshipRentApplication using Java 17.0.1 on Filipas-MacBook-Pro.local with PID 49209 (/Users/pipinha/Back End/spaceship-rent-temp/target/classes started by pipinha in /Users/pipinha/Back End/spaceship-rent-temp)
2022-03-21 12:52:42,475 INFO org.springframework.boot.SpringApplication [main] No active profile set, falling back to 1 default profile: "default"
2022-03-21 12:52:43,257 INFO org.springframework.data.repository.config.RepositoryConfigurationDelegate [main] Bootstrapping Spring Data JPA repositories in DEFAULT mode.
2022-03-21 12:52:43,335 INFO org.springframework.data.repository.config.RepositoryConfigurationDelegate [main] Finished Spring Data repository scanning in 66 ms. Found 3 JPA repository interfaces.
2022-03-21 12:52:43,879 INFO org.springframework.boot.web.embedded.tomcat.TomcatWebServer [main] Tomcat initialized with port(s): 8080 (http)
2022-03-21 12:52:43,891 INFO org.apache.juli.logging.DirectJDKLog [main] Initializing ProtocolHandler ["http-nio-8080"]
2022-03-21 12:52:43,892 INFO org.apache.juli.logging.DirectJDKLog [main] Starting service [Tomcat]
2022-03-21 12:52:43,892 INFO org.apache.juli.logging.DirectJDKLog [main] Starting Servlet engine: [Apache Tomcat/9.0.58]
2022-03-21 12:52:43,989 INFO org.apache.juli.logging.DirectJDKLog [main] Initializing Spring embedded WebApplicationContext
2022-03-21 12:52:43,989 INFO org.springframework.boot.web.servlet.context.ServletWebServerApplicationContext [main] Root WebApplicationContext: initialization completed in 1461 ms
2022-03-21 12:52:44,443 INFO org.flywaydb.core.internal.logging.slf4j.Slf4jLog [main] Flyway Community Edition 8.4.0 by Redgate
2022-03-21 12:52:44,443 INFO org.flywaydb.core.internal.logging.slf4j.Slf4jLog [main] Database: jdbc:postgresql://localhost:5432/spaceship_rent_db (PostgreSQL 14.2)
2022-03-21 12:52:44,719 INFO org.flywaydb.core.internal.logging.slf4j.Slf4jLog [main] Successfully validated 2 migrations (execution time 00:00.160s)
2022-03-21 12:52:44,769 INFO org.flywaydb.core.internal.logging.slf4j.Slf4jLog [main] Current version of schema "public": 202203141432
2022-03-21 12:52:44,770 INFO org.flywaydb.core.internal.logging.slf4j.Slf4jLog [main] Schema "public" is up to date. No migration necessary.
2022-03-21 12:52:44,872 INFO org.hibernate.jpa.internal.util.LogHelper [main] HHH000204: Processing PersistenceUnitInfo [name: default]
2022-03-21 12:52:44,927 INFO org.hibernate.Version [main] HHH000412: Hibernate ORM core version 5.6.5.Final
2022-03-21 12:52:45,108 INFO org.hibernate.annotations.common.reflection.java.JavaReflectionManager [main] HCANN000001: Hibernate Commons Annotations {5.1.2.Final}
2022-03-21 12:52:45,211 INFO com.zaxxer.hikari.HikariDataSource [main] HikariPool-1 - Starting...
2022-03-21 12:52:45,232 INFO com.zaxxer.hikari.HikariDataSource [main] HikariPool-1 - Start completed.
2022-03-21 12:52:45,262 INFO org.hibernate.dialect.Dialect [main] HHH000400: Using dialect: org.hibernate.dialect.PostgreSQL10Dialect
2022-03-21 12:52:46,040 INFO org.hibernate.engine.transaction.jta.platform.internal.JtaPlatformInitiator [main] HHH000490: Using JtaPlatform implementation: [org.hibernate.engine.transaction.jta.platform.internal.NoJtaPlatform]
2022-03-21 12:52:46,048 INFO org.springframework.orm.jpa.AbstractEntityManagerFactoryBean [main] Initialized JPA EntityManagerFactory for persistence com.mindera.school.spaceshiprent.unit 'default'
2022-03-21 12:52:46,468 WARN org.springframework.boot.autoconfigure.orm.jpa.JpaBaseConfiguration$JpaWebConfiguration [main] spring.jpa.open-in-view is enabled by default. Therefore, database queries may be performed during view rendering. Explicitly configure spring.jpa.open-in-view to disable this warning
2022-03-21 12:52:47,264 INFO org.apache.juli.logging.DirectJDKLog [main] Starting ProtocolHandler ["http-nio-8080"]
2022-03-21 12:52:47,278 INFO org.springframework.boot.web.embedded.tomcat.TomcatWebServer [main] Tomcat started on port(s): 8080 (http) with context path ''
2022-03-21 12:52:47,288 INFO org.springframework.boot.StartupInfoLogger [main] Started SpaceshipRentApplication in 10.309 seconds (JVM running for 10.979)
2022-03-21 12:53:40,793 INFO org.apache.juli.logging.DirectJDKLog [http-nio-8080-exec-1] Initializing Spring DispatcherServlet 'dispatcherServlet'
2022-03-21 12:53:40,793 INFO org.springframework.web.servlet.FrameworkServlet [http-nio-8080-exec-1] Initializing Servlet 'dispatcherServlet'
2022-03-21 12:53:40,795 INFO org.springframework.web.servlet.FrameworkServlet [http-nio-8080-exec-1] Completed initialization in 1 ms
2022-03-21 12:53:41,703 INFO org.springdoc.api.AbstractOpenApiResource [http-nio-8080-exec-6] Init duration for springdoc-openapi is: 316 ms
2022-03-21 13:34:42,447 WARN com.zaxxer.hikari.pool.HikariPool$HouseKeeper [HikariPool-1 housekeeper] HikariPool-1 - Thread starvation or clock leap detected (housekeeper delta=25m27s96ms).
2022-03-21 14:26:04,465 INFO org.springframework.orm.jpa.AbstractEntityManagerFactoryBean [SpringApplicationShutdownHook] Closing JPA EntityManagerFactory for persistence com.mindera.school.spaceshiprent.unit 'default'
2022-03-21 14:26:04,473 INFO com.zaxxer.hikari.HikariDataSource [SpringApplicationShutdownHook] HikariPool-1 - Shutdown initiated...
2022-03-21 14:26:04,481 INFO com.zaxxer.hikari.HikariDataSource [SpringApplicationShutdownHook] HikariPool-1 - Shutdown completed.
2022-03-21 14:26:13,938 INFO org.springframework.boot.StartupInfoLogger [main] Starting SpaceshipRentApplication using Java 17.0.1 on Filipas-MacBook-Pro.local with PID 50466 (/Users/pipinha/Back End/spaceship-rent-temp/target/classes started by pipinha in /Users/pipinha/Back End/spaceship-rent-temp)
2022-03-21 14:26:13,946 INFO org.springframework.boot.SpringApplication [main] No active profile set, falling back to 1 default profile: "default"
2022-03-21 14:26:14,605 INFO org.springframework.data.repository.config.RepositoryConfigurationDelegate [main] Bootstrapping Spring Data JPA repositories in DEFAULT mode.
2022-03-21 14:26:14,671 INFO org.springframework.data.repository.config.RepositoryConfigurationDelegate [main] Finished Spring Data repository scanning in 58 ms. Found 3 JPA repository interfaces.
2022-03-21 14:26:15,178 INFO org.springframework.boot.web.embedded.tomcat.TomcatWebServer [main] Tomcat initialized with port(s): 8080 (http)
2022-03-21 14:26:15,188 INFO org.apache.juli.logging.DirectJDKLog [main] Initializing ProtocolHandler ["http-nio-8080"]
2022-03-21 14:26:15,189 INFO org.apache.juli.logging.DirectJDKLog [main] Starting service [Tomcat]
2022-03-21 14:26:15,189 INFO org.apache.juli.logging.DirectJDKLog [main] Starting Servlet engine: [Apache Tomcat/9.0.58]
2022-03-21 14:26:15,281 INFO org.apache.juli.logging.DirectJDKLog [main] Initializing Spring embedded WebApplicationContext
2022-03-21 14:26:15,282 INFO org.springframework.boot.web.servlet.context.ServletWebServerApplicationContext [main] Root WebApplicationContext: initialization completed in 1292 ms
2022-03-21 14:26:15,554 INFO org.flywaydb.core.internal.logging.slf4j.Slf4jLog [main] Flyway Community Edition 8.4.0 by Redgate
2022-03-21 14:26:15,555 INFO org.flywaydb.core.internal.logging.slf4j.Slf4jLog [main] Database: jdbc:postgresql://localhost:5432/spaceship_rent_db (PostgreSQL 14.2)
2022-03-21 14:26:15,588 INFO org.flywaydb.core.internal.logging.slf4j.Slf4jLog [main] Successfully validated 2 migrations (execution time 00:00.016s)
2022-03-21 14:26:15,595 INFO org.flywaydb.core.internal.logging.slf4j.Slf4jLog [main] Current version of schema "public": 202203141432
2022-03-21 14:26:15,596 INFO org.flywaydb.core.internal.logging.slf4j.Slf4jLog [main] Schema "public" is up to date. No migration necessary.
2022-03-21 14:26:15,685 INFO org.hibernate.jpa.internal.util.LogHelper [main] HHH000204: Processing PersistenceUnitInfo [name: default]
2022-03-21 14:26:15,729 INFO org.hibernate.Version [main] HHH000412: Hibernate ORM core version 5.6.5.Final
2022-03-21 14:26:15,896 INFO org.hibernate.annotations.common.reflection.java.JavaReflectionManager [main] HCANN000001: Hibernate Commons Annotations {5.1.2.Final}
2022-03-21 14:26:15,979 INFO com.zaxxer.hikari.HikariDataSource [main] HikariPool-1 - Starting...
2022-03-21 14:26:15,997 INFO com.zaxxer.hikari.HikariDataSource [main] HikariPool-1 - Start completed.
2022-03-21 14:26:16,041 INFO org.hibernate.dialect.Dialect [main] HHH000400: Using dialect: org.hibernate.dialect.PostgreSQL10Dialect
2022-03-21 14:26:16,623 INFO org.hibernate.engine.transaction.jta.platform.internal.JtaPlatformInitiator [main] HHH000490: Using JtaPlatform implementation: [org.hibernate.engine.transaction.jta.platform.internal.NoJtaPlatform]
2022-03-21 14:26:16,630 INFO org.springframework.orm.jpa.AbstractEntityManagerFactoryBean [main] Initialized JPA EntityManagerFactory for persistence com.mindera.school.spaceshiprent.unit 'default'
2022-03-21 14:26:17,003 WARN org.springframework.boot.autoconfigure.orm.jpa.JpaBaseConfiguration$JpaWebConfiguration [main] spring.jpa.open-in-view is enabled by default. Therefore, database queries may be performed during view rendering. Explicitly configure spring.jpa.open-in-view to disable this warning
2022-03-21 14:26:17,679 INFO org.apache.juli.logging.DirectJDKLog [main] Starting ProtocolHandler ["http-nio-8080"]
2022-03-21 14:26:17,692 INFO org.springframework.boot.web.embedded.tomcat.TomcatWebServer [main] Tomcat started on port(s): 8080 (http) with context path ''
2022-03-21 14:26:17,702 INFO org.springframework.boot.StartupInfoLogger [main] Started SpaceshipRentApplication in 9.168 seconds (JVM running for 9.696)
2022-03-21 14:41:19,248 INFO org.springframework.orm.jpa.AbstractEntityManagerFactoryBean [SpringApplicationShutdownHook] Closing JPA EntityManagerFactory for persistence com.mindera.school.spaceshiprent.unit 'default'
2022-03-21 14:41:19,252 INFO com.zaxxer.hikari.HikariDataSource [SpringApplicationShutdownHook] HikariPool-1 - Shutdown initiated...
2022-03-21 14:41:19,258 INFO com.zaxxer.hikari.HikariDataSource [SpringApplicationShutdownHook] HikariPool-1 - Shutdown completed.
2022-03-21 14:41:28,233 INFO org.springframework.boot.StartupInfoLogger [main] Starting SpaceshipRentApplication using Java 17.0.1 on Filipas-MacBook-Pro.local with PID 50708 (/Users/pipinha/Back End/spaceship-rent-temp/target/classes started by pipinha in /Users/pipinha/Back End/spaceship-rent-temp)
2022-03-21 14:41:28,236 INFO org.springframework.boot.SpringApplication [main] No active profile set, falling back to 1 default profile: "default"
2022-03-21 14:41:28,952 INFO org.springframework.data.repository.config.RepositoryConfigurationDelegate [main] Bootstrapping Spring Data JPA repositories in DEFAULT mode.
2022-03-21 14:41:29,026 INFO org.springframework.data.repository.config.RepositoryConfigurationDelegate [main] Finished Spring Data repository scanning in 63 ms. Found 3 JPA repository interfaces.
2022-03-21 14:41:29,661 INFO org.springframework.boot.web.embedded.tomcat.TomcatWebServer [main] Tomcat initialized with port(s): 8080 (http)
2022-03-21 14:41:29,675 INFO org.apache.juli.logging.DirectJDKLog [main] Initializing ProtocolHandler ["http-nio-8080"]
2022-03-21 14:41:29,675 INFO org.apache.juli.logging.DirectJDKLog [main] Starting service [Tomcat]
2022-03-21 14:41:29,676 INFO org.apache.juli.logging.DirectJDKLog [main] Starting Servlet engine: [Apache Tomcat/9.0.58]
2022-03-21 14:41:29,785 INFO org.apache.juli.logging.DirectJDKLog [main] Initializing Spring embedded WebApplicationContext
2022-03-21 14:41:29,786 INFO org.springframework.boot.web.servlet.context.ServletWebServerApplicationContext [main] Root WebApplicationContext: initialization completed in 1498 ms
2022-03-21 14:41:30,034 INFO org.flywaydb.core.internal.logging.slf4j.Slf4jLog [main] Flyway Community Edition 8.4.0 by Redgate
2022-03-21 14:41:30,035 INFO org.flywaydb.core.internal.logging.slf4j.Slf4jLog [main] Database: jdbc:postgresql://localhost:5432/spaceship_rent_db (PostgreSQL 14.2)
2022-03-21 14:41:30,067 INFO org.flywaydb.core.internal.logging.slf4j.Slf4jLog [main] Successfully validated 2 migrations (execution time 00:00.016s)
2022-03-21 14:41:30,074 INFO org.flywaydb.core.internal.logging.slf4j.Slf4jLog [main] Current version of schema "public": 202203141432
2022-03-21 14:41:30,075 INFO org.flywaydb.core.internal.logging.slf4j.Slf4jLog [main] Schema "public" is up to date. No migration necessary.
2022-03-21 14:41:30,171 INFO org.hibernate.jpa.internal.util.LogHelper [main] HHH000204: Processing PersistenceUnitInfo [name: default]
2022-03-21 14:41:30,214 INFO org.hibernate.Version [main] HHH000412: Hibernate ORM core version 5.6.5.Final
2022-03-21 14:41:30,381 INFO org.hibernate.annotations.common.reflection.java.JavaReflectionManager [main] HCANN000001: Hibernate Commons Annotations {5.1.2.Final}
2022-03-21 14:41:30,477 INFO com.zaxxer.hikari.HikariDataSource [main] HikariPool-1 - Starting...
2022-03-21 14:41:30,496 INFO com.zaxxer.hikari.HikariDataSource [main] HikariPool-1 - Start completed.
2022-03-21 14:41:30,522 INFO org.hibernate.dialect.Dialect [main] HHH000400: Using dialect: org.hibernate.dialect.PostgreSQL10Dialect
2022-03-21 14:41:31,139 INFO org.hibernate.engine.transaction.jta.platform.internal.JtaPlatformInitiator [main] HHH000490: Using JtaPlatform implementation: [org.hibernate.engine.transaction.jta.platform.internal.NoJtaPlatform]
2022-03-21 14:41:31,146 INFO org.springframework.orm.jpa.AbstractEntityManagerFactoryBean [main] Initialized JPA EntityManagerFactory for persistence com.mindera.school.spaceshiprent.unit 'default'
2022-03-21 14:41:31,606 WARN org.springframework.boot.autoconfigure.orm.jpa.JpaBaseConfiguration$JpaWebConfiguration [main] spring.jpa.open-in-view is enabled by default. Therefore, database queries may be performed during view rendering. Explicitly configure spring.jpa.open-in-view to disable this warning
2022-03-21 14:41:32,544 INFO org.apache.juli.logging.DirectJDKLog [main] Starting ProtocolHandler ["http-nio-8080"]
2022-03-21 14:41:32,570 INFO org.springframework.boot.web.embedded.tomcat.TomcatWebServer [main] Tomcat started on port(s): 8080 (http) with context path ''
2022-03-21 14:41:32,589 INFO org.springframework.boot.StartupInfoLogger [main] Started SpaceshipRentApplication in 9.773 seconds (JVM running for 10.333)
2022-03-21 14:41:47,691 INFO org.springframework.orm.jpa.AbstractEntityManagerFactoryBean [SpringApplicationShutdownHook] Closing JPA EntityManagerFactory for persistence com.mindera.school.spaceshiprent.unit 'default'
2022-03-21 14:41:47,695 INFO com.zaxxer.hikari.HikariDataSource [SpringApplicationShutdownHook] HikariPool-1 - Shutdown initiated...
2022-03-21 14:41:47,698 INFO com.zaxxer.hikari.HikariDataSource [SpringApplicationShutdownHook] HikariPool-1 - Shutdown completed.
2022-03-21 14:41:56,337 INFO org.springframework.boot.StartupInfoLogger [main] Starting SpaceshipRentApplication using Java 17.0.1 on Filipas-MacBook-Pro.local with PID 50728 (/Users/pipinha/Back End/spaceship-rent-temp/target/classes started by pipinha in /Users/pipinha/Back End/spaceship-rent-temp)
2022-03-21 14:41:56,340 INFO org.springframework.boot.SpringApplication [main] No active profile set, falling back to 1 default profile: "default"
2022-03-21 14:41:57,056 INFO org.springframework.data.repository.config.RepositoryConfigurationDelegate [main] Bootstrapping Spring Data JPA repositories in DEFAULT mode.
2022-03-21 14:41:57,118 INFO org.springframework.data.repository.config.RepositoryConfigurationDelegate [main] Finished Spring Data repository scanning in 54 ms. Found 3 JPA repository interfaces.
2022-03-21 14:41:57,699 INFO org.springframework.boot.web.embedded.tomcat.TomcatWebServer [main] Tomcat initialized with port(s): 8080 (http)
2022-03-21 14:41:57,709 INFO org.apache.juli.logging.DirectJDKLog [main] Initializing ProtocolHandler ["http-nio-8080"]
2022-03-21 14:41:57,710 INFO org.apache.juli.logging.DirectJDKLog [main] Starting service [Tomcat]
2022-03-21 14:41:57,710 INFO org.apache.juli.logging.DirectJDKLog [main] Starting Servlet engine: [Apache Tomcat/9.0.58]
2022-03-21 14:41:57,801 INFO org.apache.juli.logging.DirectJDKLog [main] Initializing Spring embedded WebApplicationContext
2022-03-21 14:41:57,802 INFO org.springframework.boot.web.servlet.context.ServletWebServerApplicationContext [main] Root WebApplicationContext: initialization completed in 1411 ms
2022-03-21 14:41:58,016 INFO org.flywaydb.core.internal.logging.slf4j.Slf4jLog [main] Flyway Community Edition 8.4.0 by Redgate
2022-03-21 14:41:58,016 INFO org.flywaydb.core.internal.logging.slf4j.Slf4jLog [main] Database: jdbc:postgresql://localhost:5432/spaceship_rent_db (PostgreSQL 14.2)
2022-03-21 14:41:58,050 INFO org.flywaydb.core.internal.logging.slf4j.Slf4jLog [main] Successfully validated 2 migrations (execution time 00:00.018s)
2022-03-21 14:41:58,057 INFO org.flywaydb.core.internal.logging.slf4j.Slf4jLog [main] Current version of schema "public": 202203141432
2022-03-21 14:41:58,058 INFO org.flywaydb.core.internal.logging.slf4j.Slf4jLog [main] Schema "public" is up to date. No migration necessary.
2022-03-21 14:41:58,151 INFO org.hibernate.jpa.internal.util.LogHelper [main] HHH000204: Processing PersistenceUnitInfo [name: default]
2022-03-21 14:41:58,191 INFO org.hibernate.Version [main] HHH000412: Hibernate ORM core version 5.6.5.Final
2022-03-21 14:41:58,345 INFO org.hibernate.annotations.common.reflection.java.JavaReflectionManager [main] HCANN000001: Hibernate Commons Annotations {5.1.2.Final}
2022-03-21 14:41:58,418 INFO com.zaxxer.hikari.HikariDataSource [main] HikariPool-1 - Starting...
2022-03-21 14:41:58,435 INFO com.zaxxer.hikari.HikariDataSource [main] HikariPool-1 - Start completed.
2022-03-21 14:41:58,456 INFO org.hibernate.dialect.Dialect [main] HHH000400: Using dialect: org.hibernate.dialect.PostgreSQL10Dialect
2022-03-21 14:41:59,064 INFO org.hibernate.engine.transaction.jta.platform.internal.JtaPlatformInitiator [main] HHH000490: Using JtaPlatform implementation: [org.hibernate.engine.transaction.jta.platform.internal.NoJtaPlatform]
2022-03-21 14:41:59,072 INFO org.springframework.orm.jpa.AbstractEntityManagerFactoryBean [main] Initialized JPA EntityManagerFactory for persistence com.mindera.school.spaceshiprent.unit 'default'
2022-03-21 14:41:59,541 WARN org.springframework.boot.autoconfigure.orm.jpa.JpaBaseConfiguration$JpaWebConfiguration [main] spring.jpa.open-in-view is enabled by default. Therefore, database queries may be performed during view rendering. Explicitly configure spring.jpa.open-in-view to disable this warning
2022-03-21 14:42:00,313 INFO org.apache.juli.logging.DirectJDKLog [main] Starting ProtocolHandler ["http-nio-8080"]
2022-03-21 14:42:00,333 INFO org.springframework.boot.web.embedded.tomcat.TomcatWebServer [main] Tomcat started on port(s): 8080 (http) with context path ''
2022-03-21 14:42:00,348 INFO org.springframework.boot.StartupInfoLogger [main] Started SpaceshipRentApplication in 9.432 seconds (JVM running for 10.022)
2022-03-21 14:42:37,849 INFO org.springframework.orm.jpa.AbstractEntityManagerFactoryBean [SpringApplicationShutdownHook] Closing JPA EntityManagerFactory for persistence com.mindera.school.spaceshiprent.unit 'default'
2022-03-21 14:42:37,852 INFO com.zaxxer.hikari.HikariDataSource [SpringApplicationShutdownHook] HikariPool-1 - Shutdown initiated...
2022-03-21 14:42:37,855 INFO com.zaxxer.hikari.HikariDataSource [SpringApplicationShutdownHook] HikariPool-1 - Shutdown completed.
2022-03-21 14:42:46,249 INFO org.springframework.boot.StartupInfoLogger [main] Starting SpaceshipRentApplication using Java 17.0.1 on Filipas-MacBook-Pro.local with PID 50753 (/Users/pipinha/Back End/spaceship-rent-temp/target/classes started by pipinha in /Users/pipinha/Back End/spaceship-rent-temp)
2022-03-21 14:42:46,252 INFO org.springframework.boot.SpringApplication [main] No active profile set, falling back to 1 default profile: "default"
2022-03-21 14:42:47,031 INFO org.springframework.data.repository.config.RepositoryConfigurationDelegate [main] Bootstrapping Spring Data JPA repositories in DEFAULT mode.
2022-03-21 14:42:47,119 INFO org.springframework.data.repository.config.RepositoryConfigurationDelegate [main] Finished Spring Data repository scanning in 77 ms. Found 3 JPA repository interfaces.
2022-03-21 14:42:47,618 INFO org.springframework.boot.web.embedded.tomcat.TomcatWebServer [main] Tomcat initialized with port(s): 8080 (http)
2022-03-21 14:42:47,628 INFO org.apache.juli.logging.DirectJDKLog [main] Initializing ProtocolHandler ["http-nio-8080"]
2022-03-21 14:42:47,628 INFO org.apache.juli.logging.DirectJDKLog [main] Starting service [Tomcat]
2022-03-21 14:42:47,629 INFO org.apache.juli.logging.DirectJDKLog [main] Starting Servlet engine: [Apache Tomcat/9.0.58]
2022-03-21 14:42:47,718 INFO org.apache.juli.logging.DirectJDKLog [main] Initializing Spring embedded WebApplicationContext
2022-03-21 14:42:47,719 INFO org.springframework.boot.web.servlet.context.ServletWebServerApplicationContext [main] Root WebApplicationContext: initialization completed in 1422 ms
2022-03-21 14:42:47,925 INFO org.flywaydb.core.internal.logging.slf4j.Slf4jLog [main] Flyway Community Edition 8.4.0 by Redgate
2022-03-21 14:42:47,926 INFO org.flywaydb.core.internal.logging.slf4j.Slf4jLog [main] Database: jdbc:postgresql://localhost:5432/spaceship_rent_db (PostgreSQL 14.2)
2022-03-21 14:42:47,957 INFO org.flywaydb.core.internal.logging.slf4j.Slf4jLog [main] Successfully validated 2 migrations (execution time 00:00.016s)
2022-03-21 14:42:47,965 INFO org.flywaydb.core.internal.logging.slf4j.Slf4jLog [main] Current version of schema "public": 202203141432
2022-03-21 14:42:47,965 INFO org.flywaydb.core.internal.logging.slf4j.Slf4jLog [main] Schema "public" is up to date. No migration necessary.
2022-03-21 14:42:48,059 INFO org.hibernate.jpa.internal.util.LogHelper [main] HHH000204: Processing PersistenceUnitInfo [name: default]
2022-03-21 14:42:48,094 INFO org.hibernate.Version [main] HHH000412: Hibernate ORM core version 5.6.5.Final
2022-03-21 14:42:48,263 INFO org.hibernate.annotations.common.reflection.java.JavaReflectionManager [main] HCANN000001: Hibernate Commons Annotations {5.1.2.Final}
2022-03-21 14:42:48,340 INFO com.zaxxer.hikari.HikariDataSource [main] HikariPool-1 - Starting...
2022-03-21 14:42:48,359 INFO com.zaxxer.hikari.HikariDataSource [main] HikariPool-1 - Start completed.
2022-03-21 14:42:48,381 INFO org.hibernate.dialect.Dialect [main] HHH000400: Using dialect: org.hibernate.dialect.PostgreSQL10Dialect
2022-03-21 14:42:48,895 INFO org.hibernate.engine.transaction.jta.platform.internal.JtaPlatformInitiator [main] HHH000490: Using JtaPlatform implementation: [org.hibernate.engine.transaction.jta.platform.internal.NoJtaPlatform]
2022-03-21 14:42:48,902 INFO org.springframework.orm.jpa.AbstractEntityManagerFactoryBean [main] Initialized JPA EntityManagerFactory for persistence com.mindera.school.spaceshiprent.unit 'default'
2022-03-21 14:42:49,309 WARN org.springframework.boot.autoconfigure.orm.jpa.JpaBaseConfiguration$JpaWebConfiguration [main] spring.jpa.open-in-view is enabled by default. Therefore, database queries may be performed during view rendering. Explicitly configure spring.jpa.open-in-view to disable this warning
2022-03-21 14:42:50,098 INFO org.apache.juli.logging.DirectJDKLog [main] Starting ProtocolHandler ["http-nio-8080"]
2022-03-21 14:42:50,112 INFO org.springframework.boot.web.embedded.tomcat.TomcatWebServer [main] Tomcat started on port(s): 8080 (http) with context path ''
2022-03-21 14:42:50,125 INFO org.springframework.boot.StartupInfoLogger [main] Started SpaceshipRentApplication in 9.251 seconds (JVM running for 9.743)
2022-03-21 14:43:43,254 INFO org.springframework.orm.jpa.AbstractEntityManagerFactoryBean [SpringApplicationShutdownHook] Closing JPA EntityManagerFactory for persistence com.mindera.school.spaceshiprent.unit 'default'
2022-03-21 14:43:43,257 INFO com.zaxxer.hikari.HikariDataSource [SpringApplicationShutdownHook] HikariPool-1 - Shutdown initiated...
2022-03-21 14:43:43,260 INFO com.zaxxer.hikari.HikariDataSource [SpringApplicationShutdownHook] HikariPool-1 - Shutdown completed.
2022-03-21 14:43:51,726 INFO org.springframework.boot.StartupInfoLogger [main] Starting SpaceshipRentApplication using Java 17.0.1 on Filipas-MacBook-Pro.local with PID 50785 (/Users/pipinha/Back End/spaceship-rent-temp/target/classes started by pipinha in /Users/pipinha/Back End/spaceship-rent-temp)
2022-03-21 14:43:51,728 INFO org.springframework.boot.SpringApplication [main] No active profile set, falling back to 1 default profile: "default"
2022-03-21 14:43:52,416 INFO org.springframework.data.repository.config.RepositoryConfigurationDelegate [main] Bootstrapping Spring Data JPA repositories in DEFAULT mode.
2022-03-21 14:43:52,480 INFO org.springframework.data.repository.config.RepositoryConfigurationDelegate [main] Finished Spring Data repository scanning in 56 ms. Found 3 JPA repository interfaces.
2022-03-21 14:43:52,973 INFO org.springframework.boot.web.embedded.tomcat.TomcatWebServer [main] Tomcat initialized with port(s): 8080 (http)
2022-03-21 14:43:52,983 INFO org.apache.juli.logging.DirectJDKLog [main] Initializing ProtocolHandler ["http-nio-8080"]
2022-03-21 14:43:52,983 INFO org.apache.juli.logging.DirectJDKLog [main] Starting service [Tomcat]
2022-03-21 14:43:52,984 INFO org.apache.juli.logging.DirectJDKLog [main] Starting Servlet engine: [Apache Tomcat/9.0.58]
2022-03-21 14:43:53,074 INFO org.apache.juli.logging.DirectJDKLog [main] Initializing Spring embedded WebApplicationContext
2022-03-21 14:43:53,074 INFO org.springframework.boot.web.servlet.context.ServletWebServerApplicationContext [main] Root WebApplicationContext: initialization completed in 1300 ms
2022-03-21 14:43:53,296 INFO org.flywaydb.core.internal.logging.slf4j.Slf4jLog [main] Flyway Community Edition 8.4.0 by Redgate
2022-03-21 14:43:53,297 INFO org.flywaydb.core.internal.logging.slf4j.Slf4jLog [main] Database: jdbc:postgresql://localhost:5432/spaceship_rent_db (PostgreSQL 14.2)
2022-03-21 14:43:53,327 INFO org.flywaydb.core.internal.logging.slf4j.Slf4jLog [main] Successfully validated 2 migrations (execution time 00:00.015s)
2022-03-21 14:43:53,334 INFO org.flywaydb.core.internal.logging.slf4j.Slf4jLog [main] Current version of schema "public": 202203141432
2022-03-21 14:43:53,335 INFO org.flywaydb.core.internal.logging.slf4j.Slf4jLog [main] Schema "public" is up to date. No migration necessary.
2022-03-21 14:43:53,422 INFO org.hibernate.jpa.internal.util.LogHelper [main] HHH000204: Processing PersistenceUnitInfo [name: default]
2022-03-21 14:43:53,459 INFO org.hibernate.Version [main] HHH000412: Hibernate ORM core version 5.6.5.Final
2022-03-21 14:43:53,617 INFO org.hibernate.annotations.common.reflection.java.JavaReflectionManager [main] HCANN000001: Hibernate Commons Annotations {5.1.2.Final}
2022-03-21 14:43:53,697 INFO com.zaxxer.hikari.HikariDataSource [main] HikariPool-1 - Starting...
2022-03-21 14:43:53,716 INFO com.zaxxer.hikari.HikariDataSource [main] HikariPool-1 - Start completed.
2022-03-21 14:43:53,738 INFO org.hibernate.dialect.Dialect [main] HHH000400: Using dialect: org.hibernate.dialect.PostgreSQL10Dialect
2022-03-21 14:43:54,260 INFO org.hibernate.engine.transaction.jta.platform.internal.JtaPlatformInitiator [main] HHH000490: Using JtaPlatform implementation: [org.hibernate.engine.transaction.jta.platform.internal.NoJtaPlatform]
2022-03-21 14:43:54,267 INFO org.springframework.orm.jpa.AbstractEntityManagerFactoryBean [main] Initialized JPA EntityManagerFactory for persistence com.mindera.school.spaceshiprent.unit 'default'
2022-03-21 14:43:54,639 WARN org.springframework.boot.autoconfigure.orm.jpa.JpaBaseConfiguration$JpaWebConfiguration [main] spring.jpa.open-in-view is enabled by default. Therefore, database queries may be performed during view rendering. Explicitly configure spring.jpa.open-in-view to disable this warning
2022-03-21 14:43:55,414 INFO org.apache.juli.logging.DirectJDKLog [main] Starting ProtocolHandler ["http-nio-8080"]
2022-03-21 14:43:55,429 INFO org.springframework.boot.web.embedded.tomcat.TomcatWebServer [main] Tomcat started on port(s): 8080 (http) with context path ''
2022-03-21 14:43:55,440 INFO org.springframework.boot.StartupInfoLogger [main] Started SpaceshipRentApplication in 9.081 seconds (JVM running for 9.57)
2022-03-21 15:00:37,239 INFO org.springframework.orm.jpa.AbstractEntityManagerFactoryBean [SpringApplicationShutdownHook] Closing JPA EntityManagerFactory for persistence com.mindera.school.spaceshiprent.unit 'default'
2022-03-21 15:00:37,241 INFO com.zaxxer.hikari.HikariDataSource [SpringApplicationShutdownHook] HikariPool-1 - Shutdown initiated...
2022-03-21 15:00:37,244 INFO com.zaxxer.hikari.HikariDataSource [SpringApplicationShutdownHook] HikariPool-1 - Shutdown completed.
2022-03-21 15:00:48,431 INFO org.springframework.boot.StartupInfoLogger [main] Starting SpaceshipRentApplication using Java 17.0.1 on Filipas-MacBook-Pro.local with PID 51041 (/Users/pipinha/Back End/spaceship-rent-temp/target/classes started by pipinha in /Users/pipinha/Back End/spaceship-rent-temp)
2022-03-21 15:00:48,436 INFO org.springframework.boot.SpringApplication [main] No active profile set, falling back to 1 default profile: "default"
2022-03-21 15:00:49,124 INFO org.springframework.data.repository.config.RepositoryConfigurationDelegate [main] Bootstrapping Spring Data JPA repositories in DEFAULT mode.
2022-03-21 15:00:49,195 INFO org.springframework.data.repository.config.RepositoryConfigurationDelegate [main] Finished Spring Data repository scanning in 61 ms. Found 3 JPA repository interfaces.
2022-03-21 15:00:49,703 INFO org.springframework.boot.web.embedded.tomcat.TomcatWebServer [main] Tomcat initialized with port(s): 8080 (http)
2022-03-21 15:00:49,712 INFO org.apache.juli.logging.DirectJDKLog [main] Initializing ProtocolHandler ["http-nio-8080"]
2022-03-21 15:00:49,713 INFO org.apache.juli.logging.DirectJDKLog [main] Starting service [Tomcat]
2022-03-21 15:00:49,713 INFO org.apache.juli.logging.DirectJDKLog [main] Starting Servlet engine: [Apache Tomcat/9.0.58]
2022-03-21 15:00:49,804 INFO org.apache.juli.logging.DirectJDKLog [main] Initializing Spring embedded WebApplicationContext
2022-03-21 15:00:49,805 INFO org.springframework.boot.web.servlet.context.ServletWebServerApplicationContext [main] Root WebApplicationContext: initialization completed in 1309 ms
2022-03-21 15:00:50,051 INFO org.flywaydb.core.internal.logging.slf4j.Slf4jLog [main] Flyway Community Edition 8.4.0 by Redgate
2022-03-21 15:00:50,051 INFO org.flywaydb.core.internal.logging.slf4j.Slf4jLog [main] Database: jdbc:postgresql://localhost:5432/spaceship_rent_db (PostgreSQL 14.2)
2022-03-21 15:00:50,087 INFO org.flywaydb.core.internal.logging.slf4j.Slf4jLog [main] Successfully validated 2 migrations (execution time 00:00.017s)
2022-03-21 15:00:50,095 INFO org.flywaydb.core.internal.logging.slf4j.Slf4jLog [main] Current version of schema "public": 202203141432
2022-03-21 15:00:50,096 INFO org.flywaydb.core.internal.logging.slf4j.Slf4jLog [main] Schema "public" is up to date. No migration necessary.
2022-03-21 15:00:50,189 INFO org.hibernate.jpa.internal.util.LogHelper [main] HHH000204: Processing PersistenceUnitInfo [name: default]
2022-03-21 15:00:50,226 INFO org.hibernate.Version [main] HHH000412: Hibernate ORM core version 5.6.5.Final
2022-03-21 15:00:50,394 INFO org.hibernate.annotations.common.reflection.java.JavaReflectionManager [main] HCANN000001: Hibernate Commons Annotations {5.1.2.Final}
2022-03-21 15:00:50,471 INFO com.zaxxer.hikari.HikariDataSource [main] HikariPool-1 - Starting...
2022-03-21 15:00:50,488 INFO com.zaxxer.hikari.HikariDataSource [main] HikariPool-1 - Start completed.
2022-03-21 15:00:50,512 INFO org.hibernate.dialect.Dialect [main] HHH000400: Using dialect: org.hibernate.dialect.PostgreSQL10Dialect
2022-03-21 15:00:51,060 INFO org.hibernate.engine.transaction.jta.platform.internal.JtaPlatformInitiator [main] HHH000490: Using JtaPlatform implementation: [org.hibernate.engine.transaction.jta.platform.internal.NoJtaPlatform]
2022-03-21 15:00:51,067 INFO org.springframework.orm.jpa.AbstractEntityManagerFactoryBean [main] Initialized JPA EntityManagerFactory for persistence com.mindera.school.spaceshiprent.unit 'default'
2022-03-21 15:00:51,479 WARN org.springframework.boot.autoconfigure.orm.jpa.JpaBaseConfiguration$JpaWebConfiguration [main] spring.jpa.open-in-view is enabled by default. Therefore, database queries may be performed during view rendering. Explicitly configure spring.jpa.open-in-view to disable this warning
2022-03-21 15:00:52,156 WARN org.springframework.context.support.AbstractApplicationContext [main] Exception encountered during context initialization - cancelling refresh attempt: org.springframework.beans.factory.BeanCreationException: Error creating bean with name 'handlerExceptionResolver' defined in class path resource [org/springframework/boot/autoconfigure/web/servlet/WebMvcAutoConfiguration$EnableWebMvcConfiguration.class]: Bean instantiation via factory method failed; nested exception is org.springframework.beans.BeanInstantiationException: Failed to instantiate [org.springframework.web.servlet.HandlerExceptionResolver]: Factory method 'handlerExceptionResolver' threw exception; nested exception is java.lang.IllegalStateException: Ambiguous @ExceptionHandler method mapped for [class org.springframework.web.bind.MethodArgumentNotValidException]: {public org.springframework.http.ResponseEntity com.mindera.school.spaceshiprent.exception.exceptionHandlers.SpaceshipRentExceptionHandler.validationFailed(), public final org.springframework.http.ResponseEntity org.springframework.web.servlet.mvc.method.annotation.ResponseEntityExceptionHandler.handleException(java.lang.Exception,org.springframework.web.context.request.WebRequest) throws java.lang.Exception}
2022-03-21 15:00:52,158 INFO org.springframework.orm.jpa.AbstractEntityManagerFactoryBean [main] Closing JPA EntityManagerFactory for persistence com.mindera.school.spaceshiprent.unit 'default'
2022-03-21 15:00:52,159 INFO com.zaxxer.hikari.HikariDataSource [main] HikariPool-1 - Shutdown initiated...
2022-03-21 15:00:52,162 INFO com.zaxxer.hikari.HikariDataSource [main] HikariPool-1 - Shutdown completed.
2022-03-21 15:00:52,165 INFO org.apache.juli.logging.DirectJDKLog [main] Stopping service [Tomcat]
2022-03-21 15:00:52,178 INFO org.springframework.boot.autoconfigure.logging.ConditionEvaluationReportLoggingListener [main] 

Error starting ApplicationContext. To display the conditions report re-run your application with 'debug' enabled.
2022-03-21 15:00:52,199 ERROR org.springframework.boot.SpringApplication [main] Application run failed
org.springframework.beans.factory.BeanCreationException: Error creating bean with name 'handlerExceptionResolver' defined in class path resource [org/springframework/boot/autoconfigure/web/servlet/WebMvcAutoConfiguration$EnableWebMvcConfiguration.class]: Bean instantiation via factory method failed; nested exception is org.springframework.beans.BeanInstantiationException: Failed to instantiate [org.springframework.web.servlet.HandlerExceptionResolver]: Factory method 'handlerExceptionResolver' threw exception; nested exception is java.lang.IllegalStateException: Ambiguous @ExceptionHandler method mapped for [class org.springframework.web.bind.MethodArgumentNotValidException]: {public org.springframework.http.ResponseEntity com.mindera.school.spaceshiprent.exception.exceptionHandlers.SpaceshipRentExceptionHandler.validationFailed(), public final org.springframework.http.ResponseEntity org.springframework.web.servlet.mvc.method.annotation.ResponseEntityExceptionHandler.handleException(java.lang.Exception,org.springframework.web.context.request.WebRequest) throws java.lang.Exception}
	at org.springframework.beans.factory.support.ConstructorResolver.instantiate(ConstructorResolver.java:658)
	at org.springframework.beans.factory.support.ConstructorResolver.instantiateUsingFactoryMethod(ConstructorResolver.java:638)
	at org.springframework.beans.factory.support.AbstractAutowireCapableBeanFactory.instantiateUsingFactoryMethod(AbstractAutowireCapableBeanFactory.java:1352)
	at org.springframework.beans.factory.support.AbstractAutowireCapableBeanFactory.createBeanInstance(AbstractAutowireCapableBeanFactory.java:1195)
	at org.springframework.beans.factory.support.AbstractAutowireCapableBeanFactory.doCreateBean(AbstractAutowireCapableBeanFactory.java:582)
	at org.springframework.beans.factory.support.AbstractAutowireCapableBeanFactory.createBean(AbstractAutowireCapableBeanFactory.java:542)
	at org.springframework.beans.factory.support.AbstractBeanFactory.lambda$doGetBean$0(AbstractBeanFactory.java:335)
	at org.springframework.beans.factory.support.DefaultSingletonBeanRegistry.getSingleton(DefaultSingletonBeanRegistry.java:234)
	at org.springframework.beans.factory.support.AbstractBeanFactory.doGetBean(AbstractBeanFactory.java:333)
	at org.springframework.beans.factory.support.AbstractBeanFactory.getBean(AbstractBeanFactory.java:208)
	at org.springframework.beans.factory.support.DefaultListableBeanFactory.preInstantiateSingletons(DefaultListableBeanFactory.java:953)
	at org.springframework.context.support.AbstractApplicationContext.finishBeanFactoryInitialization(AbstractApplicationContext.java:918)
	at org.springframework.context.support.AbstractApplicationContext.refresh(AbstractApplicationContext.java:583)
	at org.springframework.boot.web.servlet.context.ServletWebServerApplicationContext.refresh(ServletWebServerApplicationContext.java:145)
	at org.springframework.boot.SpringApplication.refresh(SpringApplication.java:740)
	at org.springframework.boot.SpringApplication.refreshContext(SpringApplication.java:415)
	at org.springframework.boot.SpringApplication.run(SpringApplication.java:303)
	at org.springframework.boot.SpringApplication.run(SpringApplication.java:1312)
	at org.springframework.boot.SpringApplication.run(SpringApplication.java:1301)
	at com.mindera.school.spaceshiprent.SpaceshipRentApplication.main(SpaceshipRentApplication.java:10)
Caused by: org.springframework.beans.BeanInstantiationException: Failed to instantiate [org.springframework.web.servlet.HandlerExceptionResolver]: Factory method 'handlerExceptionResolver' threw exception; nested exception is java.lang.IllegalStateException: Ambiguous @ExceptionHandler method mapped for [class org.springframework.web.bind.MethodArgumentNotValidException]: {public org.springframework.http.ResponseEntity com.mindera.school.spaceshiprent.exception.exceptionHandlers.SpaceshipRentExceptionHandler.validationFailed(), public final org.springframework.http.ResponseEntity org.springframework.web.servlet.mvc.method.annotation.ResponseEntityExceptionHandler.handleException(java.lang.Exception,org.springframework.web.context.request.WebRequest) throws java.lang.Exception}
	at org.springframework.beans.factory.support.SimpleInstantiationStrategy.instantiate(SimpleInstantiationStrategy.java:185)
	at org.springframework.beans.factory.support.ConstructorResolver.instantiate(ConstructorResolver.java:653)
	... 19 common frames omitted
Caused by: java.lang.IllegalStateException: Ambiguous @ExceptionHandler method mapped for [class org.springframework.web.bind.MethodArgumentNotValidException]: {public org.springframework.http.ResponseEntity com.mindera.school.spaceshiprent.exception.exceptionHandlers.SpaceshipRentExceptionHandler.validationFailed(), public final org.springframework.http.ResponseEntity org.springframework.web.servlet.mvc.method.annotation.ResponseEntityExceptionHandler.handleException(java.lang.Exception,org.springframework.web.context.request.WebRequest) throws java.lang.Exception}
	at org.springframework.web.method.annotation.ExceptionHandlerMethodResolver.addExceptionMapping(ExceptionHandlerMethodResolver.java:114)
	at org.springframework.web.method.annotation.ExceptionHandlerMethodResolver.<init>(ExceptionHandlerMethodResolver.java:78)
	at org.springframework.web.servlet.mvc.method.annotation.ExceptionHandlerExceptionResolver.initExceptionHandlerAdviceCache(ExceptionHandlerExceptionResolver.java:291)
	at org.springframework.web.servlet.mvc.method.annotation.ExceptionHandlerExceptionResolver.afterPropertiesSet(ExceptionHandlerExceptionResolver.java:268)
	at org.springframework.web.servlet.config.annotation.WebMvcConfigurationSupport.addDefaultHandlerExceptionResolvers(WebMvcConfigurationSupport.java:1090)
	at org.springframework.web.servlet.config.annotation.WebMvcConfigurationSupport.handlerExceptionResolver(WebMvcConfigurationSupport.java:1032)
	at java.base/jdk.internal.reflect.NativeMethodAccessorImpl.invoke0(Native Method)
	at java.base/jdk.internal.reflect.NativeMethodAccessorImpl.invoke(NativeMethodAccessorImpl.java:77)
	at java.base/jdk.internal.reflect.DelegatingMethodAccessorImpl.invoke(DelegatingMethodAccessorImpl.java:43)
	at java.base/java.lang.reflect.Method.invoke(Method.java:568)
	at org.springframework.beans.factory.support.SimpleInstantiationStrategy.instantiate(SimpleInstantiationStrategy.java:154)
	... 20 common frames omitted
2022-03-21 15:01:45,075 INFO org.springframework.boot.StartupInfoLogger [main] Starting SpaceshipRentApplication using Java 17.0.1 on Filipas-MacBook-Pro.local with PID 51075 (/Users/pipinha/Back End/spaceship-rent-temp/target/classes started by pipinha in /Users/pipinha/Back End/spaceship-rent-temp)
2022-03-21 15:01:45,077 INFO org.springframework.boot.SpringApplication [main] No active profile set, falling back to 1 default profile: "default"
2022-03-21 15:01:45,747 INFO org.springframework.data.repository.config.RepositoryConfigurationDelegate [main] Bootstrapping Spring Data JPA repositories in DEFAULT mode.
2022-03-21 15:01:45,810 INFO org.springframework.data.repository.config.RepositoryConfigurationDelegate [main] Finished Spring Data repository scanning in 55 ms. Found 3 JPA repository interfaces.
2022-03-21 15:01:46,290 INFO org.springframework.boot.web.embedded.tomcat.TomcatWebServer [main] Tomcat initialized with port(s): 8080 (http)
2022-03-21 15:01:46,299 INFO org.apache.juli.logging.DirectJDKLog [main] Initializing ProtocolHandler ["http-nio-8080"]
2022-03-21 15:01:46,299 INFO org.apache.juli.logging.DirectJDKLog [main] Starting service [Tomcat]
2022-03-21 15:01:46,299 INFO org.apache.juli.logging.DirectJDKLog [main] Starting Servlet engine: [Apache Tomcat/9.0.58]
2022-03-21 15:01:46,393 INFO org.apache.juli.logging.DirectJDKLog [main] Initializing Spring embedded WebApplicationContext
2022-03-21 15:01:46,393 INFO org.springframework.boot.web.servlet.context.ServletWebServerApplicationContext [main] Root WebApplicationContext: initialization completed in 1268 ms
2022-03-21 15:01:46,629 INFO org.flywaydb.core.internal.logging.slf4j.Slf4jLog [main] Flyway Community Edition 8.4.0 by Redgate
2022-03-21 15:01:46,629 INFO org.flywaydb.core.internal.logging.slf4j.Slf4jLog [main] Database: jdbc:postgresql://localhost:5432/spaceship_rent_db (PostgreSQL 14.2)
2022-03-21 15:01:46,663 INFO org.flywaydb.core.internal.logging.slf4j.Slf4jLog [main] Successfully validated 2 migrations (execution time 00:00.017s)
2022-03-21 15:01:46,671 INFO org.flywaydb.core.internal.logging.slf4j.Slf4jLog [main] Current version of schema "public": 202203141432
2022-03-21 15:01:46,672 INFO org.flywaydb.core.internal.logging.slf4j.Slf4jLog [main] Schema "public" is up to date. No migration necessary.
2022-03-21 15:01:46,765 INFO org.hibernate.jpa.internal.util.LogHelper [main] HHH000204: Processing PersistenceUnitInfo [name: default]
2022-03-21 15:01:46,803 INFO org.hibernate.Version [main] HHH000412: Hibernate ORM core version 5.6.5.Final
2022-03-21 15:01:46,951 INFO org.hibernate.annotations.common.reflection.java.JavaReflectionManager [main] HCANN000001: Hibernate Commons Annotations {5.1.2.Final}
2022-03-21 15:01:47,031 INFO com.zaxxer.hikari.HikariDataSource [main] HikariPool-1 - Starting...
2022-03-21 15:01:47,051 INFO com.zaxxer.hikari.HikariDataSource [main] HikariPool-1 - Start completed.
2022-03-21 15:01:47,072 INFO org.hibernate.dialect.Dialect [main] HHH000400: Using dialect: org.hibernate.dialect.PostgreSQL10Dialect
2022-03-21 15:01:47,609 INFO org.hibernate.engine.transaction.jta.platform.internal.JtaPlatformInitiator [main] HHH000490: Using JtaPlatform implementation: [org.hibernate.engine.transaction.jta.platform.internal.NoJtaPlatform]
2022-03-21 15:01:47,615 INFO org.springframework.orm.jpa.AbstractEntityManagerFactoryBean [main] Initialized JPA EntityManagerFactory for persistence com.mindera.school.spaceshiprent.unit 'default'
2022-03-21 15:01:48,004 WARN org.springframework.boot.autoconfigure.orm.jpa.JpaBaseConfiguration$JpaWebConfiguration [main] spring.jpa.open-in-view is enabled by default. Therefore, database queries may be performed during view rendering. Explicitly configure spring.jpa.open-in-view to disable this warning
2022-03-21 15:01:48,653 WARN org.springframework.context.support.AbstractApplicationContext [main] Exception encountered during context initialization - cancelling refresh attempt: org.springframework.beans.factory.BeanCreationException: Error creating bean with name 'handlerExceptionResolver' defined in class path resource [org/springframework/boot/autoconfigure/web/servlet/WebMvcAutoConfiguration$EnableWebMvcConfiguration.class]: Bean instantiation via factory method failed; nested exception is org.springframework.beans.BeanInstantiationException: Failed to instantiate [org.springframework.web.servlet.HandlerExceptionResolver]: Factory method 'handlerExceptionResolver' threw exception; nested exception is java.lang.IllegalStateException: Ambiguous @ExceptionHandler method mapped for [class org.springframework.web.bind.MethodArgumentNotValidException]: {public org.springframework.http.ResponseEntity com.mindera.school.spaceshiprent.exception.exceptionHandlers.SpaceshipRentExceptionHandler.validationFailedHanle(), public final org.springframework.http.ResponseEntity org.springframework.web.servlet.mvc.method.annotation.ResponseEntityExceptionHandler.handleException(java.lang.Exception,org.springframework.web.context.request.WebRequest) throws java.lang.Exception}
2022-03-21 15:01:48,655 INFO org.springframework.orm.jpa.AbstractEntityManagerFactoryBean [main] Closing JPA EntityManagerFactory for persistence com.mindera.school.spaceshiprent.unit 'default'
2022-03-21 15:01:48,657 INFO com.zaxxer.hikari.HikariDataSource [main] HikariPool-1 - Shutdown initiated...
2022-03-21 15:01:48,660 INFO com.zaxxer.hikari.HikariDataSource [main] HikariPool-1 - Shutdown completed.
2022-03-21 15:01:48,663 INFO org.apache.juli.logging.DirectJDKLog [main] Stopping service [Tomcat]
2022-03-21 15:01:48,675 INFO org.springframework.boot.autoconfigure.logging.ConditionEvaluationReportLoggingListener [main] 

Error starting ApplicationContext. To display the conditions report re-run your application with 'debug' enabled.
2022-03-21 15:01:48,688 ERROR org.springframework.boot.SpringApplication [main] Application run failed
org.springframework.beans.factory.BeanCreationException: Error creating bean with name 'handlerExceptionResolver' defined in class path resource [org/springframework/boot/autoconfigure/web/servlet/WebMvcAutoConfiguration$EnableWebMvcConfiguration.class]: Bean instantiation via factory method failed; nested exception is org.springframework.beans.BeanInstantiationException: Failed to instantiate [org.springframework.web.servlet.HandlerExceptionResolver]: Factory method 'handlerExceptionResolver' threw exception; nested exception is java.lang.IllegalStateException: Ambiguous @ExceptionHandler method mapped for [class org.springframework.web.bind.MethodArgumentNotValidException]: {public org.springframework.http.ResponseEntity com.mindera.school.spaceshiprent.exception.exceptionHandlers.SpaceshipRentExceptionHandler.validationFailedHanle(), public final org.springframework.http.ResponseEntity org.springframework.web.servlet.mvc.method.annotation.ResponseEntityExceptionHandler.handleException(java.lang.Exception,org.springframework.web.context.request.WebRequest) throws java.lang.Exception}
	at org.springframework.beans.factory.support.ConstructorResolver.instantiate(ConstructorResolver.java:658)
	at org.springframework.beans.factory.support.ConstructorResolver.instantiateUsingFactoryMethod(ConstructorResolver.java:638)
	at org.springframework.beans.factory.support.AbstractAutowireCapableBeanFactory.instantiateUsingFactoryMethod(AbstractAutowireCapableBeanFactory.java:1352)
	at org.springframework.beans.factory.support.AbstractAutowireCapableBeanFactory.createBeanInstance(AbstractAutowireCapableBeanFactory.java:1195)
	at org.springframework.beans.factory.support.AbstractAutowireCapableBeanFactory.doCreateBean(AbstractAutowireCapableBeanFactory.java:582)
	at org.springframework.beans.factory.support.AbstractAutowireCapableBeanFactory.createBean(AbstractAutowireCapableBeanFactory.java:542)
	at org.springframework.beans.factory.support.AbstractBeanFactory.lambda$doGetBean$0(AbstractBeanFactory.java:335)
	at org.springframework.beans.factory.support.DefaultSingletonBeanRegistry.getSingleton(DefaultSingletonBeanRegistry.java:234)
	at org.springframework.beans.factory.support.AbstractBeanFactory.doGetBean(AbstractBeanFactory.java:333)
	at org.springframework.beans.factory.support.AbstractBeanFactory.getBean(AbstractBeanFactory.java:208)
	at org.springframework.beans.factory.support.DefaultListableBeanFactory.preInstantiateSingletons(DefaultListableBeanFactory.java:953)
	at org.springframework.context.support.AbstractApplicationContext.finishBeanFactoryInitialization(AbstractApplicationContext.java:918)
	at org.springframework.context.support.AbstractApplicationContext.refresh(AbstractApplicationContext.java:583)
	at org.springframework.boot.web.servlet.context.ServletWebServerApplicationContext.refresh(ServletWebServerApplicationContext.java:145)
	at org.springframework.boot.SpringApplication.refresh(SpringApplication.java:740)
	at org.springframework.boot.SpringApplication.refreshContext(SpringApplication.java:415)
	at org.springframework.boot.SpringApplication.run(SpringApplication.java:303)
	at org.springframework.boot.SpringApplication.run(SpringApplication.java:1312)
	at org.springframework.boot.SpringApplication.run(SpringApplication.java:1301)
	at com.mindera.school.spaceshiprent.SpaceshipRentApplication.main(SpaceshipRentApplication.java:10)
Caused by: org.springframework.beans.BeanInstantiationException: Failed to instantiate [org.springframework.web.servlet.HandlerExceptionResolver]: Factory method 'handlerExceptionResolver' threw exception; nested exception is java.lang.IllegalStateException: Ambiguous @ExceptionHandler method mapped for [class org.springframework.web.bind.MethodArgumentNotValidException]: {public org.springframework.http.ResponseEntity com.mindera.school.spaceshiprent.exception.exceptionHandlers.SpaceshipRentExceptionHandler.validationFailedHanle(), public final org.springframework.http.ResponseEntity org.springframework.web.servlet.mvc.method.annotation.ResponseEntityExceptionHandler.handleException(java.lang.Exception,org.springframework.web.context.request.WebRequest) throws java.lang.Exception}
	at org.springframework.beans.factory.support.SimpleInstantiationStrategy.instantiate(SimpleInstantiationStrategy.java:185)
	at org.springframework.beans.factory.support.ConstructorResolver.instantiate(ConstructorResolver.java:653)
	... 19 common frames omitted
Caused by: java.lang.IllegalStateException: Ambiguous @ExceptionHandler method mapped for [class org.springframework.web.bind.MethodArgumentNotValidException]: {public org.springframework.http.ResponseEntity com.mindera.school.spaceshiprent.exception.exceptionHandlers.SpaceshipRentExceptionHandler.validationFailedHanle(), public final org.springframework.http.ResponseEntity org.springframework.web.servlet.mvc.method.annotation.ResponseEntityExceptionHandler.handleException(java.lang.Exception,org.springframework.web.context.request.WebRequest) throws java.lang.Exception}
	at org.springframework.web.method.annotation.ExceptionHandlerMethodResolver.addExceptionMapping(ExceptionHandlerMethodResolver.java:114)
	at org.springframework.web.method.annotation.ExceptionHandlerMethodResolver.<init>(ExceptionHandlerMethodResolver.java:78)
	at org.springframework.web.servlet.mvc.method.annotation.ExceptionHandlerExceptionResolver.initExceptionHandlerAdviceCache(ExceptionHandlerExceptionResolver.java:291)
	at org.springframework.web.servlet.mvc.method.annotation.ExceptionHandlerExceptionResolver.afterPropertiesSet(ExceptionHandlerExceptionResolver.java:268)
	at org.springframework.web.servlet.config.annotation.WebMvcConfigurationSupport.addDefaultHandlerExceptionResolvers(WebMvcConfigurationSupport.java:1090)
	at org.springframework.web.servlet.config.annotation.WebMvcConfigurationSupport.handlerExceptionResolver(WebMvcConfigurationSupport.java:1032)
	at java.base/jdk.internal.reflect.NativeMethodAccessorImpl.invoke0(Native Method)
	at java.base/jdk.internal.reflect.NativeMethodAccessorImpl.invoke(NativeMethodAccessorImpl.java:77)
	at java.base/jdk.internal.reflect.DelegatingMethodAccessorImpl.invoke(DelegatingMethodAccessorImpl.java:43)
	at java.base/java.lang.reflect.Method.invoke(Method.java:568)
	at org.springframework.beans.factory.support.SimpleInstantiationStrategy.instantiate(SimpleInstantiationStrategy.java:154)
	... 20 common frames omitted
2022-03-21 15:02:57,026 INFO org.springframework.boot.StartupInfoLogger [main] Starting SpaceshipRentApplication using Java 17.0.1 on Filipas-MacBook-Pro.local with PID 51105 (/Users/pipinha/Back End/spaceship-rent-temp/target/classes started by pipinha in /Users/pipinha/Back End/spaceship-rent-temp)
2022-03-21 15:02:57,029 INFO org.springframework.boot.SpringApplication [main] No active profile set, falling back to 1 default profile: "default"
2022-03-21 15:02:57,725 INFO org.springframework.data.repository.config.RepositoryConfigurationDelegate [main] Bootstrapping Spring Data JPA repositories in DEFAULT mode.
2022-03-21 15:02:57,793 INFO org.springframework.data.repository.config.RepositoryConfigurationDelegate [main] Finished Spring Data repository scanning in 59 ms. Found 3 JPA repository interfaces.
2022-03-21 15:02:58,275 INFO org.springframework.boot.web.embedded.tomcat.TomcatWebServer [main] Tomcat initialized with port(s): 8080 (http)
2022-03-21 15:02:58,284 INFO org.apache.juli.logging.DirectJDKLog [main] Initializing ProtocolHandler ["http-nio-8080"]
2022-03-21 15:02:58,284 INFO org.apache.juli.logging.DirectJDKLog [main] Starting service [Tomcat]
2022-03-21 15:02:58,284 INFO org.apache.juli.logging.DirectJDKLog [main] Starting Servlet engine: [Apache Tomcat/9.0.58]
2022-03-21 15:02:58,370 INFO org.apache.juli.logging.DirectJDKLog [main] Initializing Spring embedded WebApplicationContext
2022-03-21 15:02:58,370 INFO org.springframework.boot.web.servlet.context.ServletWebServerApplicationContext [main] Root WebApplicationContext: initialization completed in 1292 ms
2022-03-21 15:02:58,588 INFO org.flywaydb.core.internal.logging.slf4j.Slf4jLog [main] Flyway Community Edition 8.4.0 by Redgate
2022-03-21 15:02:58,589 INFO org.flywaydb.core.internal.logging.slf4j.Slf4jLog [main] Database: jdbc:postgresql://localhost:5432/spaceship_rent_db (PostgreSQL 14.2)
2022-03-21 15:02:58,622 INFO org.flywaydb.core.internal.logging.slf4j.Slf4jLog [main] Successfully validated 2 migrations (execution time 00:00.016s)
2022-03-21 15:02:58,632 INFO org.flywaydb.core.internal.logging.slf4j.Slf4jLog [main] Current version of schema "public": 202203141432
2022-03-21 15:02:58,632 INFO org.flywaydb.core.internal.logging.slf4j.Slf4jLog [main] Schema "public" is up to date. No migration necessary.
2022-03-21 15:02:58,718 INFO org.hibernate.jpa.internal.util.LogHelper [main] HHH000204: Processing PersistenceUnitInfo [name: default]
2022-03-21 15:02:58,757 INFO org.hibernate.Version [main] HHH000412: Hibernate ORM core version 5.6.5.Final
2022-03-21 15:02:58,908 INFO org.hibernate.annotations.common.reflection.java.JavaReflectionManager [main] HCANN000001: Hibernate Commons Annotations {5.1.2.Final}
2022-03-21 15:02:58,984 INFO com.zaxxer.hikari.HikariDataSource [main] HikariPool-1 - Starting...
2022-03-21 15:02:59,004 INFO com.zaxxer.hikari.HikariDataSource [main] HikariPool-1 - Start completed.
2022-03-21 15:02:59,025 INFO org.hibernate.dialect.Dialect [main] HHH000400: Using dialect: org.hibernate.dialect.PostgreSQL10Dialect
2022-03-21 15:02:59,539 INFO org.hibernate.engine.transaction.jta.platform.internal.JtaPlatformInitiator [main] HHH000490: Using JtaPlatform implementation: [org.hibernate.engine.transaction.jta.platform.internal.NoJtaPlatform]
2022-03-21 15:02:59,545 INFO org.springframework.orm.jpa.AbstractEntityManagerFactoryBean [main] Initialized JPA EntityManagerFactory for persistence com.mindera.school.spaceshiprent.unit 'default'
2022-03-21 15:02:59,924 WARN org.springframework.boot.autoconfigure.orm.jpa.JpaBaseConfiguration$JpaWebConfiguration [main] spring.jpa.open-in-view is enabled by default. Therefore, database queries may be performed during view rendering. Explicitly configure spring.jpa.open-in-view to disable this warning
2022-03-21 15:03:00,504 WARN org.springframework.context.support.AbstractApplicationContext [main] Exception encountered during context initialization - cancelling refresh attempt: org.springframework.beans.factory.BeanCreationException: Error creating bean with name 'handlerExceptionResolver' defined in class path resource [org/springframework/boot/autoconfigure/web/servlet/WebMvcAutoConfiguration$EnableWebMvcConfiguration.class]: Bean instantiation via factory method failed; nested exception is org.springframework.beans.BeanInstantiationException: Failed to instantiate [org.springframework.web.servlet.HandlerExceptionResolver]: Factory method 'handlerExceptionResolver' threw exception; nested exception is java.lang.IllegalStateException: Ambiguous @ExceptionHandler method mapped for [class org.springframework.web.bind.MethodArgumentNotValidException]: {public org.springframework.http.ResponseEntity com.mindera.school.spaceshiprent.exception.exceptionHandlers.SpaceshipRentExceptionHandler.validationFailedHandle(java.lang.Exception,javax.servlet.http.HttpServletRequest), public final org.springframework.http.ResponseEntity org.springframework.web.servlet.mvc.method.annotation.ResponseEntityExceptionHandler.handleException(java.lang.Exception,org.springframework.web.context.request.WebRequest) throws java.lang.Exception}
2022-03-21 15:03:00,506 INFO org.springframework.orm.jpa.AbstractEntityManagerFactoryBean [main] Closing JPA EntityManagerFactory for persistence com.mindera.school.spaceshiprent.unit 'default'
2022-03-21 15:03:00,507 INFO com.zaxxer.hikari.HikariDataSource [main] HikariPool-1 - Shutdown initiated...
2022-03-21 15:03:00,510 INFO com.zaxxer.hikari.HikariDataSource [main] HikariPool-1 - Shutdown completed.
2022-03-21 15:03:00,512 INFO org.apache.juli.logging.DirectJDKLog [main] Stopping service [Tomcat]
2022-03-21 15:03:00,523 INFO org.springframework.boot.autoconfigure.logging.ConditionEvaluationReportLoggingListener [main] 

Error starting ApplicationContext. To display the conditions report re-run your application with 'debug' enabled.
2022-03-21 15:03:00,535 ERROR org.springframework.boot.SpringApplication [main] Application run failed
org.springframework.beans.factory.BeanCreationException: Error creating bean with name 'handlerExceptionResolver' defined in class path resource [org/springframework/boot/autoconfigure/web/servlet/WebMvcAutoConfiguration$EnableWebMvcConfiguration.class]: Bean instantiation via factory method failed; nested exception is org.springframework.beans.BeanInstantiationException: Failed to instantiate [org.springframework.web.servlet.HandlerExceptionResolver]: Factory method 'handlerExceptionResolver' threw exception; nested exception is java.lang.IllegalStateException: Ambiguous @ExceptionHandler method mapped for [class org.springframework.web.bind.MethodArgumentNotValidException]: {public org.springframework.http.ResponseEntity com.mindera.school.spaceshiprent.exception.exceptionHandlers.SpaceshipRentExceptionHandler.validationFailedHandle(java.lang.Exception,javax.servlet.http.HttpServletRequest), public final org.springframework.http.ResponseEntity org.springframework.web.servlet.mvc.method.annotation.ResponseEntityExceptionHandler.handleException(java.lang.Exception,org.springframework.web.context.request.WebRequest) throws java.lang.Exception}
	at org.springframework.beans.factory.support.ConstructorResolver.instantiate(ConstructorResolver.java:658)
	at org.springframework.beans.factory.support.ConstructorResolver.instantiateUsingFactoryMethod(ConstructorResolver.java:638)
	at org.springframework.beans.factory.support.AbstractAutowireCapableBeanFactory.instantiateUsingFactoryMethod(AbstractAutowireCapableBeanFactory.java:1352)
	at org.springframework.beans.factory.support.AbstractAutowireCapableBeanFactory.createBeanInstance(AbstractAutowireCapableBeanFactory.java:1195)
	at org.springframework.beans.factory.support.AbstractAutowireCapableBeanFactory.doCreateBean(AbstractAutowireCapableBeanFactory.java:582)
	at org.springframework.beans.factory.support.AbstractAutowireCapableBeanFactory.createBean(AbstractAutowireCapableBeanFactory.java:542)
	at org.springframework.beans.factory.support.AbstractBeanFactory.lambda$doGetBean$0(AbstractBeanFactory.java:335)
	at org.springframework.beans.factory.support.DefaultSingletonBeanRegistry.getSingleton(DefaultSingletonBeanRegistry.java:234)
	at org.springframework.beans.factory.support.AbstractBeanFactory.doGetBean(AbstractBeanFactory.java:333)
	at org.springframework.beans.factory.support.AbstractBeanFactory.getBean(AbstractBeanFactory.java:208)
	at org.springframework.beans.factory.support.DefaultListableBeanFactory.preInstantiateSingletons(DefaultListableBeanFactory.java:953)
	at org.springframework.context.support.AbstractApplicationContext.finishBeanFactoryInitialization(AbstractApplicationContext.java:918)
	at org.springframework.context.support.AbstractApplicationContext.refresh(AbstractApplicationContext.java:583)
	at org.springframework.boot.web.servlet.context.ServletWebServerApplicationContext.refresh(ServletWebServerApplicationContext.java:145)
	at org.springframework.boot.SpringApplication.refresh(SpringApplication.java:740)
	at org.springframework.boot.SpringApplication.refreshContext(SpringApplication.java:415)
	at org.springframework.boot.SpringApplication.run(SpringApplication.java:303)
	at org.springframework.boot.SpringApplication.run(SpringApplication.java:1312)
	at org.springframework.boot.SpringApplication.run(SpringApplication.java:1301)
	at com.mindera.school.spaceshiprent.SpaceshipRentApplication.main(SpaceshipRentApplication.java:10)
Caused by: org.springframework.beans.BeanInstantiationException: Failed to instantiate [org.springframework.web.servlet.HandlerExceptionResolver]: Factory method 'handlerExceptionResolver' threw exception; nested exception is java.lang.IllegalStateException: Ambiguous @ExceptionHandler method mapped for [class org.springframework.web.bind.MethodArgumentNotValidException]: {public org.springframework.http.ResponseEntity com.mindera.school.spaceshiprent.exception.exceptionHandlers.SpaceshipRentExceptionHandler.validationFailedHandle(java.lang.Exception,javax.servlet.http.HttpServletRequest), public final org.springframework.http.ResponseEntity org.springframework.web.servlet.mvc.method.annotation.ResponseEntityExceptionHandler.handleException(java.lang.Exception,org.springframework.web.context.request.WebRequest) throws java.lang.Exception}
	at org.springframework.beans.factory.support.SimpleInstantiationStrategy.instantiate(SimpleInstantiationStrategy.java:185)
	at org.springframework.beans.factory.support.ConstructorResolver.instantiate(ConstructorResolver.java:653)
	... 19 common frames omitted
Caused by: java.lang.IllegalStateException: Ambiguous @ExceptionHandler method mapped for [class org.springframework.web.bind.MethodArgumentNotValidException]: {public org.springframework.http.ResponseEntity com.mindera.school.spaceshiprent.exception.exceptionHandlers.SpaceshipRentExceptionHandler.validationFailedHandle(java.lang.Exception,javax.servlet.http.HttpServletRequest), public final org.springframework.http.ResponseEntity org.springframework.web.servlet.mvc.method.annotation.ResponseEntityExceptionHandler.handleException(java.lang.Exception,org.springframework.web.context.request.WebRequest) throws java.lang.Exception}
	at org.springframework.web.method.annotation.ExceptionHandlerMethodResolver.addExceptionMapping(ExceptionHandlerMethodResolver.java:114)
	at org.springframework.web.method.annotation.ExceptionHandlerMethodResolver.<init>(ExceptionHandlerMethodResolver.java:78)
	at org.springframework.web.servlet.mvc.method.annotation.ExceptionHandlerExceptionResolver.initExceptionHandlerAdviceCache(ExceptionHandlerExceptionResolver.java:291)
	at org.springframework.web.servlet.mvc.method.annotation.ExceptionHandlerExceptionResolver.afterPropertiesSet(ExceptionHandlerExceptionResolver.java:268)
	at org.springframework.web.servlet.config.annotation.WebMvcConfigurationSupport.addDefaultHandlerExceptionResolvers(WebMvcConfigurationSupport.java:1090)
	at org.springframework.web.servlet.config.annotation.WebMvcConfigurationSupport.handlerExceptionResolver(WebMvcConfigurationSupport.java:1032)
	at java.base/jdk.internal.reflect.NativeMethodAccessorImpl.invoke0(Native Method)
	at java.base/jdk.internal.reflect.NativeMethodAccessorImpl.invoke(NativeMethodAccessorImpl.java:77)
	at java.base/jdk.internal.reflect.DelegatingMethodAccessorImpl.invoke(DelegatingMethodAccessorImpl.java:43)
	at java.base/java.lang.reflect.Method.invoke(Method.java:568)
	at org.springframework.beans.factory.support.SimpleInstantiationStrategy.instantiate(SimpleInstantiationStrategy.java:154)
	... 20 common frames omitted
2022-03-21 15:04:21,737 INFO org.springframework.boot.StartupInfoLogger [main] Starting SpaceshipRentApplication using Java 17.0.1 on Filipas-MacBook-Pro.local with PID 51142 (/Users/pipinha/Back End/spaceship-rent-temp/target/classes started by pipinha in /Users/pipinha/Back End/spaceship-rent-temp)
2022-03-21 15:04:21,740 INFO org.springframework.boot.SpringApplication [main] No active profile set, falling back to 1 default profile: "default"
2022-03-21 15:04:22,408 INFO org.springframework.data.repository.config.RepositoryConfigurationDelegate [main] Bootstrapping Spring Data JPA repositories in DEFAULT mode.
2022-03-21 15:04:22,486 INFO org.springframework.data.repository.config.RepositoryConfigurationDelegate [main] Finished Spring Data repository scanning in 69 ms. Found 3 JPA repository interfaces.
2022-03-21 15:04:22,973 INFO org.springframework.boot.web.embedded.tomcat.TomcatWebServer [main] Tomcat initialized with port(s): 8080 (http)
2022-03-21 15:04:22,981 INFO org.apache.juli.logging.DirectJDKLog [main] Initializing ProtocolHandler ["http-nio-8080"]
2022-03-21 15:04:22,982 INFO org.apache.juli.logging.DirectJDKLog [main] Starting service [Tomcat]
2022-03-21 15:04:22,982 INFO org.apache.juli.logging.DirectJDKLog [main] Starting Servlet engine: [Apache Tomcat/9.0.58]
2022-03-21 15:04:23,076 INFO org.apache.juli.logging.DirectJDKLog [main] Initializing Spring embedded WebApplicationContext
2022-03-21 15:04:23,077 INFO org.springframework.boot.web.servlet.context.ServletWebServerApplicationContext [main] Root WebApplicationContext: initialization completed in 1294 ms
2022-03-21 15:04:23,316 INFO org.flywaydb.core.internal.logging.slf4j.Slf4jLog [main] Flyway Community Edition 8.4.0 by Redgate
2022-03-21 15:04:23,317 INFO org.flywaydb.core.internal.logging.slf4j.Slf4jLog [main] Database: jdbc:postgresql://localhost:5432/spaceship_rent_db (PostgreSQL 14.2)
2022-03-21 15:04:23,354 INFO org.flywaydb.core.internal.logging.slf4j.Slf4jLog [main] Successfully validated 2 migrations (execution time 00:00.019s)
2022-03-21 15:04:23,361 INFO org.flywaydb.core.internal.logging.slf4j.Slf4jLog [main] Current version of schema "public": 202203141432
2022-03-21 15:04:23,362 INFO org.flywaydb.core.internal.logging.slf4j.Slf4jLog [main] Schema "public" is up to date. No migration necessary.
2022-03-21 15:04:23,452 INFO org.hibernate.jpa.internal.util.LogHelper [main] HHH000204: Processing PersistenceUnitInfo [name: default]
2022-03-21 15:04:23,491 INFO org.hibernate.Version [main] HHH000412: Hibernate ORM core version 5.6.5.Final
2022-03-21 15:04:23,716 INFO org.hibernate.annotations.common.reflection.java.JavaReflectionManager [main] HCANN000001: Hibernate Commons Annotations {5.1.2.Final}
2022-03-21 15:04:23,816 INFO com.zaxxer.hikari.HikariDataSource [main] HikariPool-1 - Starting...
2022-03-21 15:04:23,837 INFO com.zaxxer.hikari.HikariDataSource [main] HikariPool-1 - Start completed.
2022-03-21 15:04:23,863 INFO org.hibernate.dialect.Dialect [main] HHH000400: Using dialect: org.hibernate.dialect.PostgreSQL10Dialect
2022-03-21 15:04:24,412 INFO org.hibernate.engine.transaction.jta.platform.internal.JtaPlatformInitiator [main] HHH000490: Using JtaPlatform implementation: [org.hibernate.engine.transaction.jta.platform.internal.NoJtaPlatform]
2022-03-21 15:04:24,418 INFO org.springframework.orm.jpa.AbstractEntityManagerFactoryBean [main] Initialized JPA EntityManagerFactory for persistence com.mindera.school.spaceshiprent.unit 'default'
2022-03-21 15:04:24,784 WARN org.springframework.boot.autoconfigure.orm.jpa.JpaBaseConfiguration$JpaWebConfiguration [main] spring.jpa.open-in-view is enabled by default. Therefore, database queries may be performed during view rendering. Explicitly configure spring.jpa.open-in-view to disable this warning
2022-03-21 15:04:25,387 WARN org.springframework.context.support.AbstractApplicationContext [main] Exception encountered during context initialization - cancelling refresh attempt: org.springframework.beans.factory.BeanCreationException: Error creating bean with name 'handlerExceptionResolver' defined in class path resource [org/springframework/boot/autoconfigure/web/servlet/WebMvcAutoConfiguration$EnableWebMvcConfiguration.class]: Bean instantiation via factory method failed; nested exception is org.springframework.beans.BeanInstantiationException: Failed to instantiate [org.springframework.web.servlet.HandlerExceptionResolver]: Factory method 'handlerExceptionResolver' threw exception; nested exception is java.lang.IllegalStateException: Ambiguous @ExceptionHandler method mapped for [class org.springframework.web.bind.MethodArgumentNotValidException]: {public org.springframework.http.ResponseEntity com.mindera.school.spaceshiprent.exception.exceptionHandlers.SpaceshipRentExceptionHandler.validationFailedHandle(java.lang.Exception,javax.servlet.http.HttpServletRequest), public final org.springframework.http.ResponseEntity org.springframework.web.servlet.mvc.method.annotation.ResponseEntityExceptionHandler.handleException(java.lang.Exception,org.springframework.web.context.request.WebRequest) throws java.lang.Exception}
2022-03-21 15:04:25,389 INFO org.springframework.orm.jpa.AbstractEntityManagerFactoryBean [main] Closing JPA EntityManagerFactory for persistence com.mindera.school.spaceshiprent.unit 'default'
2022-03-21 15:04:25,390 INFO com.zaxxer.hikari.HikariDataSource [main] HikariPool-1 - Shutdown initiated...
2022-03-21 15:04:25,392 INFO com.zaxxer.hikari.HikariDataSource [main] HikariPool-1 - Shutdown completed.
2022-03-21 15:04:25,395 INFO org.apache.juli.logging.DirectJDKLog [main] Stopping service [Tomcat]
2022-03-21 15:04:25,406 INFO org.springframework.boot.autoconfigure.logging.ConditionEvaluationReportLoggingListener [main] 

Error starting ApplicationContext. To display the conditions report re-run your application with 'debug' enabled.
2022-03-21 15:04:25,418 ERROR org.springframework.boot.SpringApplication [main] Application run failed
org.springframework.beans.factory.BeanCreationException: Error creating bean with name 'handlerExceptionResolver' defined in class path resource [org/springframework/boot/autoconfigure/web/servlet/WebMvcAutoConfiguration$EnableWebMvcConfiguration.class]: Bean instantiation via factory method failed; nested exception is org.springframework.beans.BeanInstantiationException: Failed to instantiate [org.springframework.web.servlet.HandlerExceptionResolver]: Factory method 'handlerExceptionResolver' threw exception; nested exception is java.lang.IllegalStateException: Ambiguous @ExceptionHandler method mapped for [class org.springframework.web.bind.MethodArgumentNotValidException]: {public org.springframework.http.ResponseEntity com.mindera.school.spaceshiprent.exception.exceptionHandlers.SpaceshipRentExceptionHandler.validationFailedHandle(java.lang.Exception,javax.servlet.http.HttpServletRequest), public final org.springframework.http.ResponseEntity org.springframework.web.servlet.mvc.method.annotation.ResponseEntityExceptionHandler.handleException(java.lang.Exception,org.springframework.web.context.request.WebRequest) throws java.lang.Exception}
	at org.springframework.beans.factory.support.ConstructorResolver.instantiate(ConstructorResolver.java:658)
	at org.springframework.beans.factory.support.ConstructorResolver.instantiateUsingFactoryMethod(ConstructorResolver.java:638)
	at org.springframework.beans.factory.support.AbstractAutowireCapableBeanFactory.instantiateUsingFactoryMethod(AbstractAutowireCapableBeanFactory.java:1352)
	at org.springframework.beans.factory.support.AbstractAutowireCapableBeanFactory.createBeanInstance(AbstractAutowireCapableBeanFactory.java:1195)
	at org.springframework.beans.factory.support.AbstractAutowireCapableBeanFactory.doCreateBean(AbstractAutowireCapableBeanFactory.java:582)
	at org.springframework.beans.factory.support.AbstractAutowireCapableBeanFactory.createBean(AbstractAutowireCapableBeanFactory.java:542)
	at org.springframework.beans.factory.support.AbstractBeanFactory.lambda$doGetBean$0(AbstractBeanFactory.java:335)
	at org.springframework.beans.factory.support.DefaultSingletonBeanRegistry.getSingleton(DefaultSingletonBeanRegistry.java:234)
	at org.springframework.beans.factory.support.AbstractBeanFactory.doGetBean(AbstractBeanFactory.java:333)
	at org.springframework.beans.factory.support.AbstractBeanFactory.getBean(AbstractBeanFactory.java:208)
	at org.springframework.beans.factory.support.DefaultListableBeanFactory.preInstantiateSingletons(DefaultListableBeanFactory.java:953)
	at org.springframework.context.support.AbstractApplicationContext.finishBeanFactoryInitialization(AbstractApplicationContext.java:918)
	at org.springframework.context.support.AbstractApplicationContext.refresh(AbstractApplicationContext.java:583)
	at org.springframework.boot.web.servlet.context.ServletWebServerApplicationContext.refresh(ServletWebServerApplicationContext.java:145)
	at org.springframework.boot.SpringApplication.refresh(SpringApplication.java:740)
	at org.springframework.boot.SpringApplication.refreshContext(SpringApplication.java:415)
	at org.springframework.boot.SpringApplication.run(SpringApplication.java:303)
	at org.springframework.boot.SpringApplication.run(SpringApplication.java:1312)
	at org.springframework.boot.SpringApplication.run(SpringApplication.java:1301)
	at com.mindera.school.spaceshiprent.SpaceshipRentApplication.main(SpaceshipRentApplication.java:10)
Caused by: org.springframework.beans.BeanInstantiationException: Failed to instantiate [org.springframework.web.servlet.HandlerExceptionResolver]: Factory method 'handlerExceptionResolver' threw exception; nested exception is java.lang.IllegalStateException: Ambiguous @ExceptionHandler method mapped for [class org.springframework.web.bind.MethodArgumentNotValidException]: {public org.springframework.http.ResponseEntity com.mindera.school.spaceshiprent.exception.exceptionHandlers.SpaceshipRentExceptionHandler.validationFailedHandle(java.lang.Exception,javax.servlet.http.HttpServletRequest), public final org.springframework.http.ResponseEntity org.springframework.web.servlet.mvc.method.annotation.ResponseEntityExceptionHandler.handleException(java.lang.Exception,org.springframework.web.context.request.WebRequest) throws java.lang.Exception}
	at org.springframework.beans.factory.support.SimpleInstantiationStrategy.instantiate(SimpleInstantiationStrategy.java:185)
	at org.springframework.beans.factory.support.ConstructorResolver.instantiate(ConstructorResolver.java:653)
	... 19 common frames omitted
Caused by: java.lang.IllegalStateException: Ambiguous @ExceptionHandler method mapped for [class org.springframework.web.bind.MethodArgumentNotValidException]: {public org.springframework.http.ResponseEntity com.mindera.school.spaceshiprent.exception.exceptionHandlers.SpaceshipRentExceptionHandler.validationFailedHandle(java.lang.Exception,javax.servlet.http.HttpServletRequest), public final org.springframework.http.ResponseEntity org.springframework.web.servlet.mvc.method.annotation.ResponseEntityExceptionHandler.handleException(java.lang.Exception,org.springframework.web.context.request.WebRequest) throws java.lang.Exception}
	at org.springframework.web.method.annotation.ExceptionHandlerMethodResolver.addExceptionMapping(ExceptionHandlerMethodResolver.java:114)
	at org.springframework.web.method.annotation.ExceptionHandlerMethodResolver.<init>(ExceptionHandlerMethodResolver.java:78)
	at org.springframework.web.servlet.mvc.method.annotation.ExceptionHandlerExceptionResolver.initExceptionHandlerAdviceCache(ExceptionHandlerExceptionResolver.java:291)
	at org.springframework.web.servlet.mvc.method.annotation.ExceptionHandlerExceptionResolver.afterPropertiesSet(ExceptionHandlerExceptionResolver.java:268)
	at org.springframework.web.servlet.config.annotation.WebMvcConfigurationSupport.addDefaultHandlerExceptionResolvers(WebMvcConfigurationSupport.java:1090)
	at org.springframework.web.servlet.config.annotation.WebMvcConfigurationSupport.handlerExceptionResolver(WebMvcConfigurationSupport.java:1032)
	at java.base/jdk.internal.reflect.NativeMethodAccessorImpl.invoke0(Native Method)
	at java.base/jdk.internal.reflect.NativeMethodAccessorImpl.invoke(NativeMethodAccessorImpl.java:77)
	at java.base/jdk.internal.reflect.DelegatingMethodAccessorImpl.invoke(DelegatingMethodAccessorImpl.java:43)
	at java.base/java.lang.reflect.Method.invoke(Method.java:568)
	at org.springframework.beans.factory.support.SimpleInstantiationStrategy.instantiate(SimpleInstantiationStrategy.java:154)
	... 20 common frames omitted
2022-03-21 15:04:45,754 INFO org.springframework.boot.StartupInfoLogger [main] Starting SpaceshipRentApplication using Java 17.0.1 on Filipas-MacBook-Pro.local with PID 51162 (/Users/pipinha/Back End/spaceship-rent-temp/target/classes started by pipinha in /Users/pipinha/Back End/spaceship-rent-temp)
2022-03-21 15:04:45,757 INFO org.springframework.boot.SpringApplication [main] No active profile set, falling back to 1 default profile: "default"
2022-03-21 15:04:46,388 INFO org.springframework.data.repository.config.RepositoryConfigurationDelegate [main] Bootstrapping Spring Data JPA repositories in DEFAULT mode.
2022-03-21 15:04:46,453 INFO org.springframework.data.repository.config.RepositoryConfigurationDelegate [main] Finished Spring Data repository scanning in 56 ms. Found 3 JPA repository interfaces.
2022-03-21 15:04:46,935 INFO org.springframework.boot.web.embedded.tomcat.TomcatWebServer [main] Tomcat initialized with port(s): 8080 (http)
2022-03-21 15:04:46,944 INFO org.apache.juli.logging.DirectJDKLog [main] Initializing ProtocolHandler ["http-nio-8080"]
2022-03-21 15:04:46,945 INFO org.apache.juli.logging.DirectJDKLog [main] Starting service [Tomcat]
2022-03-21 15:04:46,945 INFO org.apache.juli.logging.DirectJDKLog [main] Starting Servlet engine: [Apache Tomcat/9.0.58]
2022-03-21 15:04:47,036 INFO org.apache.juli.logging.DirectJDKLog [main] Initializing Spring embedded WebApplicationContext
2022-03-21 15:04:47,036 INFO org.springframework.boot.web.servlet.context.ServletWebServerApplicationContext [main] Root WebApplicationContext: initialization completed in 1240 ms
2022-03-21 15:04:47,285 INFO org.flywaydb.core.internal.logging.slf4j.Slf4jLog [main] Flyway Community Edition 8.4.0 by Redgate
2022-03-21 15:04:47,286 INFO org.flywaydb.core.internal.logging.slf4j.Slf4jLog [main] Database: jdbc:postgresql://localhost:5432/spaceship_rent_db (PostgreSQL 14.2)
2022-03-21 15:04:47,319 INFO org.flywaydb.core.internal.logging.slf4j.Slf4jLog [main] Successfully validated 2 migrations (execution time 00:00.017s)
2022-03-21 15:04:47,327 INFO org.flywaydb.core.internal.logging.slf4j.Slf4jLog [main] Current version of schema "public": 202203141432
2022-03-21 15:04:47,327 INFO org.flywaydb.core.internal.logging.slf4j.Slf4jLog [main] Schema "public" is up to date. No migration necessary.
2022-03-21 15:04:47,422 INFO org.hibernate.jpa.internal.util.LogHelper [main] HHH000204: Processing PersistenceUnitInfo [name: default]
2022-03-21 15:04:47,458 INFO org.hibernate.Version [main] HHH000412: Hibernate ORM core version 5.6.5.Final
2022-03-21 15:04:47,621 INFO org.hibernate.annotations.common.reflection.java.JavaReflectionManager [main] HCANN000001: Hibernate Commons Annotations {5.1.2.Final}
2022-03-21 15:04:47,698 INFO com.zaxxer.hikari.HikariDataSource [main] HikariPool-1 - Starting...
2022-03-21 15:04:47,715 INFO com.zaxxer.hikari.HikariDataSource [main] HikariPool-1 - Start completed.
2022-03-21 15:04:47,737 INFO org.hibernate.dialect.Dialect [main] HHH000400: Using dialect: org.hibernate.dialect.PostgreSQL10Dialect
2022-03-21 15:04:48,271 INFO org.hibernate.engine.transaction.jta.platform.internal.JtaPlatformInitiator [main] HHH000490: Using JtaPlatform implementation: [org.hibernate.engine.transaction.jta.platform.internal.NoJtaPlatform]
2022-03-21 15:04:48,277 INFO org.springframework.orm.jpa.AbstractEntityManagerFactoryBean [main] Initialized JPA EntityManagerFactory for persistence com.mindera.school.spaceshiprent.unit 'default'
2022-03-21 15:04:48,655 WARN org.springframework.boot.autoconfigure.orm.jpa.JpaBaseConfiguration$JpaWebConfiguration [main] spring.jpa.open-in-view is enabled by default. Therefore, database queries may be performed during view rendering. Explicitly configure spring.jpa.open-in-view to disable this warning
2022-03-21 15:04:49,403 INFO org.apache.juli.logging.DirectJDKLog [main] Starting ProtocolHandler ["http-nio-8080"]
2022-03-21 15:04:49,417 INFO org.springframework.boot.web.embedded.tomcat.TomcatWebServer [main] Tomcat started on port(s): 8080 (http) with context path ''
2022-03-21 15:04:49,427 INFO org.springframework.boot.StartupInfoLogger [main] Started SpaceshipRentApplication in 9.082 seconds (JVM running for 9.595)
2022-03-21 15:14:03,896 INFO org.springframework.orm.jpa.AbstractEntityManagerFactoryBean [SpringApplicationShutdownHook] Closing JPA EntityManagerFactory for persistence com.mindera.school.spaceshiprent.unit 'default'
2022-03-21 15:14:03,899 INFO com.zaxxer.hikari.HikariDataSource [SpringApplicationShutdownHook] HikariPool-1 - Shutdown initiated...
2022-03-21 15:14:03,911 INFO com.zaxxer.hikari.HikariDataSource [SpringApplicationShutdownHook] HikariPool-1 - Shutdown completed.
2022-03-21 15:14:20,730 INFO org.springframework.boot.StartupInfoLogger [main] Starting SpaceshipRentApplication using Java 17.0.1 on Filipas-MacBook-Pro.local with PID 51338 (/Users/pipinha/Back End/spaceship-rent-temp/target/classes started by pipinha in /Users/pipinha/Back End/spaceship-rent-temp)
2022-03-21 15:14:20,733 INFO org.springframework.boot.SpringApplication [main] No active profile set, falling back to 1 default profile: "default"
2022-03-21 15:14:21,380 INFO org.springframework.data.repository.config.RepositoryConfigurationDelegate [main] Bootstrapping Spring Data JPA repositories in DEFAULT mode.
2022-03-21 15:14:21,442 INFO org.springframework.data.repository.config.RepositoryConfigurationDelegate [main] Finished Spring Data repository scanning in 54 ms. Found 3 JPA repository interfaces.
2022-03-21 15:14:21,920 INFO org.springframework.boot.web.embedded.tomcat.TomcatWebServer [main] Tomcat initialized with port(s): 8080 (http)
2022-03-21 15:14:21,929 INFO org.apache.juli.logging.DirectJDKLog [main] Initializing ProtocolHandler ["http-nio-8080"]
2022-03-21 15:14:21,929 INFO org.apache.juli.logging.DirectJDKLog [main] Starting service [Tomcat]
2022-03-21 15:14:21,929 INFO org.apache.juli.logging.DirectJDKLog [main] Starting Servlet engine: [Apache Tomcat/9.0.58]
2022-03-21 15:14:22,013 INFO org.apache.juli.logging.DirectJDKLog [main] Initializing Spring embedded WebApplicationContext
2022-03-21 15:14:22,013 INFO org.springframework.boot.web.servlet.context.ServletWebServerApplicationContext [main] Root WebApplicationContext: initialization completed in 1233 ms
2022-03-21 15:14:22,224 INFO org.flywaydb.core.internal.logging.slf4j.Slf4jLog [main] Flyway Community Edition 8.4.0 by Redgate
2022-03-21 15:14:22,224 INFO org.flywaydb.core.internal.logging.slf4j.Slf4jLog [main] Database: jdbc:postgresql://localhost:5432/spaceship_rent_db (PostgreSQL 14.2)
2022-03-21 15:14:22,266 INFO org.flywaydb.core.internal.logging.slf4j.Slf4jLog [main] Successfully validated 2 migrations (execution time 00:00.018s)
2022-03-21 15:14:22,272 INFO org.flywaydb.core.internal.logging.slf4j.Slf4jLog [main] Current version of schema "public": 202203141432
2022-03-21 15:14:22,273 INFO org.flywaydb.core.internal.logging.slf4j.Slf4jLog [main] Schema "public" is up to date. No migration necessary.
2022-03-21 15:14:22,349 INFO org.hibernate.jpa.internal.util.LogHelper [main] HHH000204: Processing PersistenceUnitInfo [name: default]
2022-03-21 15:14:22,383 INFO org.hibernate.Version [main] HHH000412: Hibernate ORM core version 5.6.5.Final
2022-03-21 15:14:22,524 INFO org.hibernate.annotations.common.reflection.java.JavaReflectionManager [main] HCANN000001: Hibernate Commons Annotations {5.1.2.Final}
2022-03-21 15:14:22,597 INFO com.zaxxer.hikari.HikariDataSource [main] HikariPool-1 - Starting...
2022-03-21 15:14:22,614 INFO com.zaxxer.hikari.HikariDataSource [main] HikariPool-1 - Start completed.
2022-03-21 15:14:22,635 INFO org.hibernate.dialect.Dialect [main] HHH000400: Using dialect: org.hibernate.dialect.PostgreSQL10Dialect
2022-03-21 15:14:23,154 INFO org.hibernate.engine.transaction.jta.platform.internal.JtaPlatformInitiator [main] HHH000490: Using JtaPlatform implementation: [org.hibernate.engine.transaction.jta.platform.internal.NoJtaPlatform]
2022-03-21 15:14:23,161 INFO org.springframework.orm.jpa.AbstractEntityManagerFactoryBean [main] Initialized JPA EntityManagerFactory for persistence com.mindera.school.spaceshiprent.unit 'default'
2022-03-21 15:14:23,533 WARN org.springframework.boot.autoconfigure.orm.jpa.JpaBaseConfiguration$JpaWebConfiguration [main] spring.jpa.open-in-view is enabled by default. Therefore, database queries may be performed during view rendering. Explicitly configure spring.jpa.open-in-view to disable this warning
2022-03-21 15:14:24,240 INFO org.apache.juli.logging.DirectJDKLog [main] Starting ProtocolHandler ["http-nio-8080"]
2022-03-21 15:14:24,254 INFO org.springframework.boot.web.embedded.tomcat.TomcatWebServer [main] Tomcat started on port(s): 8080 (http) with context path ''
2022-03-21 15:14:24,263 INFO org.springframework.boot.StartupInfoLogger [main] Started SpaceshipRentApplication in 8.9 seconds (JVM running for 9.503)
2022-03-21 15:14:32,022 INFO org.apache.juli.logging.DirectJDKLog [http-nio-8080-exec-1] Initializing Spring DispatcherServlet 'dispatcherServlet'
2022-03-21 15:14:32,022 INFO org.springframework.web.servlet.FrameworkServlet [http-nio-8080-exec-1] Initializing Servlet 'dispatcherServlet'
2022-03-21 15:14:32,024 INFO org.springframework.web.servlet.FrameworkServlet [http-nio-8080-exec-1] Completed initialization in 1 ms
2022-03-21 15:14:32,653 INFO org.springdoc.api.AbstractOpenApiResource [http-nio-8080-exec-4] Init duration for springdoc-openapi is: 306 ms
2022-03-21 15:30:09,436 INFO org.springframework.orm.jpa.AbstractEntityManagerFactoryBean [SpringApplicationShutdownHook] Closing JPA EntityManagerFactory for persistence com.mindera.school.spaceshiprent.unit 'default'
2022-03-21 15:30:09,438 INFO com.zaxxer.hikari.HikariDataSource [SpringApplicationShutdownHook] HikariPool-1 - Shutdown initiated...
2022-03-21 15:30:09,442 INFO com.zaxxer.hikari.HikariDataSource [SpringApplicationShutdownHook] HikariPool-1 - Shutdown completed.
