2022-03-30 11:08:24,239 INFO org.hibernate.validator.internal.util.Version [background-preinit] HV000001: Hibernate Validator 6.2.2.Final
2022-03-30 11:08:24,254 INFO org.springframework.boot.StartupInfoLogger [main] Starting SpaceshipRentApplication using Java 17.0.1 on Filipas-MacBook-Pro.local with PID 25032 (/Users/pipinha/Back End/spaceship-rent-temp/target/classes started by pipinha in /Users/pipinha/Back End/spaceship-rent-temp)
2022-03-30 11:08:24,257 INFO org.springframework.boot.SpringApplication [main] No active profile set, falling back to 1 default profile: "default"
2022-03-30 11:08:25,271 INFO org.springframework.data.repository.config.RepositoryConfigurationDelegate [main] Bootstrapping Spring Data JPA repositories in DEFAULT mode.
2022-03-30 11:08:25,350 INFO org.springframework.data.repository.config.RepositoryConfigurationDelegate [main] Finished Spring Data repository scanning in 68 ms. Found 3 JPA repository interfaces.
2022-03-30 11:08:25,948 INFO org.springframework.boot.web.embedded.tomcat.TomcatWebServer [main] Tomcat initialized with port(s): 8080 (http)
2022-03-30 11:08:25,959 INFO org.apache.juli.logging.DirectJDKLog [main] Initializing ProtocolHandler ["http-nio-8080"]
2022-03-30 11:08:25,959 INFO org.apache.juli.logging.DirectJDKLog [main] Starting service [Tomcat]
2022-03-30 11:08:25,960 INFO org.apache.juli.logging.DirectJDKLog [main] Starting Servlet engine: [Apache Tomcat/9.0.58]
2022-03-30 11:08:26,066 INFO org.apache.juli.logging.DirectJDKLog [main] Initializing Spring embedded WebApplicationContext
2022-03-30 11:08:26,066 INFO org.springframework.boot.web.servlet.context.ServletWebServerApplicationContext [main] Root WebApplicationContext: initialization completed in 1713 ms
2022-03-30 11:08:26,388 INFO org.flywaydb.core.internal.logging.slf4j.Slf4jLog [main] Flyway Community Edition 8.4.0 by Redgate
2022-03-30 11:08:26,389 INFO org.flywaydb.core.internal.logging.slf4j.Slf4jLog [main] Database: jdbc:postgresql://localhost:5432/spaceship_rent_db (PostgreSQL 14.2)
2022-03-30 11:08:26,599 INFO org.flywaydb.core.internal.logging.slf4j.Slf4jLog [main] Successfully validated 2 migrations (execution time 00:00.101s)
2022-03-30 11:08:26,607 INFO org.flywaydb.core.internal.logging.slf4j.Slf4jLog [main] Current version of schema "public": 202203141432
2022-03-30 11:08:26,608 INFO org.flywaydb.core.internal.logging.slf4j.Slf4jLog [main] Schema "public" is up to date. No migration necessary.
2022-03-30 11:08:26,688 INFO org.hibernate.jpa.internal.util.LogHelper [main] HHH000204: Processing PersistenceUnitInfo [name: default]
2022-03-30 11:08:26,746 INFO org.hibernate.Version [main] HHH000412: Hibernate ORM core version 5.6.5.Final
2022-03-30 11:08:26,938 INFO org.hibernate.annotations.common.reflection.java.JavaReflectionManager [main] HCANN000001: Hibernate Commons Annotations {5.1.2.Final}
2022-03-30 11:08:27,089 INFO com.zaxxer.hikari.HikariDataSource [main] HikariPool-1 - Starting...
2022-03-30 11:08:27,110 INFO com.zaxxer.hikari.HikariDataSource [main] HikariPool-1 - Start completed.
2022-03-30 11:08:27,142 INFO org.hibernate.dialect.Dialect [main] HHH000400: Using dialect: org.hibernate.dialect.PostgreSQL10Dialect
2022-03-30 11:08:27,942 INFO org.hibernate.engine.transaction.jta.platform.internal.JtaPlatformInitiator [main] HHH000490: Using JtaPlatform implementation: [org.hibernate.engine.transaction.jta.platform.internal.NoJtaPlatform]
2022-03-30 11:08:27,950 INFO org.springframework.orm.jpa.AbstractEntityManagerFactoryBean [main] Initialized JPA EntityManagerFactory for persistence unit 'default'
2022-03-30 11:08:28,659 WARN org.springframework.boot.autoconfigure.orm.jpa.JpaBaseConfiguration$JpaWebConfiguration [main] spring.jpa.open-in-view is enabled by default. Therefore, database queries may be performed during view rendering. Explicitly configure spring.jpa.open-in-view to disable this warning
2022-03-30 11:08:29,525 INFO org.apache.juli.logging.DirectJDKLog [main] Starting ProtocolHandler ["http-nio-8080"]
2022-03-30 11:08:29,530 WARN org.springframework.context.support.AbstractApplicationContext [main] Exception encountered during context initialization - cancelling refresh attempt: org.springframework.context.ApplicationContextException: Failed to start bean 'webServerStartStop'; nested exception is org.springframework.boot.web.server.PortInUseException: Port 8080 is already in use
2022-03-30 11:08:29,533 INFO org.springframework.orm.jpa.AbstractEntityManagerFactoryBean [main] Closing JPA EntityManagerFactory for persistence unit 'default'
2022-03-30 11:08:29,534 INFO com.zaxxer.hikari.HikariDataSource [main] HikariPool-1 - Shutdown initiated...
2022-03-30 11:08:29,537 INFO com.zaxxer.hikari.HikariDataSource [main] HikariPool-1 - Shutdown completed.
2022-03-30 11:08:29,539 INFO org.apache.juli.logging.DirectJDKLog [main] Pausing ProtocolHandler ["http-nio-8080"]
2022-03-30 11:08:29,539 INFO org.apache.juli.logging.DirectJDKLog [main] Stopping service [Tomcat]
2022-03-30 11:08:29,543 INFO org.apache.juli.logging.DirectJDKLog [main] Stopping ProtocolHandler ["http-nio-8080"]
2022-03-30 11:08:29,543 INFO org.apache.juli.logging.DirectJDKLog [main] Destroying ProtocolHandler ["http-nio-8080"]
2022-03-30 11:08:29,551 INFO org.springframework.boot.autoconfigure.logging.ConditionEvaluationReportLoggingListener [main] 

Error starting ApplicationContext. To display the conditions report re-run your application with 'debug' enabled.
2022-03-30 11:08:29,567 ERROR org.springframework.boot.diagnostics.LoggingFailureAnalysisReporter [main] 

***************************
APPLICATION FAILED TO START
***************************

Description:

Web server failed to start. Port 8080 was already in use.

Action:

Identify and stop the process that's listening on port 8080 or configure this application to listen on another port.

2022-03-30 11:09:24,247 INFO org.hibernate.validator.internal.util.Version [background-preinit] HV000001: Hibernate Validator 6.2.2.Final
2022-03-30 11:09:24,252 INFO org.springframework.boot.StartupInfoLogger [main] Starting SpaceshipRentApplication using Java 17.0.1 on Filipas-MacBook-Pro.local with PID 25084 (/Users/pipinha/Back End/spaceship-rent-temp/target/classes started by pipinha in /Users/pipinha/Back End/spaceship-rent-temp)
2022-03-30 11:09:24,253 INFO org.springframework.boot.SpringApplication [main] No active profile set, falling back to 1 default profile: "default"
2022-03-30 11:09:25,153 INFO org.springframework.data.repository.config.RepositoryConfigurationDelegate [main] Bootstrapping Spring Data JPA repositories in DEFAULT mode.
2022-03-30 11:09:25,234 INFO org.springframework.data.repository.config.RepositoryConfigurationDelegate [main] Finished Spring Data repository scanning in 69 ms. Found 3 JPA repository interfaces.
2022-03-30 11:09:25,867 INFO org.springframework.boot.web.embedded.tomcat.TomcatWebServer [main] Tomcat initialized with port(s): 8080 (http)
2022-03-30 11:09:25,879 INFO org.apache.juli.logging.DirectJDKLog [main] Initializing ProtocolHandler ["http-nio-8080"]
2022-03-30 11:09:25,880 INFO org.apache.juli.logging.DirectJDKLog [main] Starting service [Tomcat]
2022-03-30 11:09:25,880 INFO org.apache.juli.logging.DirectJDKLog [main] Starting Servlet engine: [Apache Tomcat/9.0.58]
2022-03-30 11:09:25,986 INFO org.apache.juli.logging.DirectJDKLog [main] Initializing Spring embedded WebApplicationContext
2022-03-30 11:09:25,986 INFO org.springframework.boot.web.servlet.context.ServletWebServerApplicationContext [main] Root WebApplicationContext: initialization completed in 1679 ms
2022-03-30 11:09:26,305 INFO org.flywaydb.core.internal.logging.slf4j.Slf4jLog [main] Flyway Community Edition 8.4.0 by Redgate
2022-03-30 11:09:26,306 INFO org.flywaydb.core.internal.logging.slf4j.Slf4jLog [main] Database: jdbc:postgresql://localhost:5432/spaceship_rent_db (PostgreSQL 14.2)
2022-03-30 11:09:26,346 INFO org.flywaydb.core.internal.logging.slf4j.Slf4jLog [main] Successfully validated 2 migrations (execution time 00:00.020s)
2022-03-30 11:09:26,354 INFO org.flywaydb.core.internal.logging.slf4j.Slf4jLog [main] Current version of schema "public": 202203141432
2022-03-30 11:09:26,355 INFO org.flywaydb.core.internal.logging.slf4j.Slf4jLog [main] Schema "public" is up to date. No migration necessary.
2022-03-30 11:09:26,440 INFO org.hibernate.jpa.internal.util.LogHelper [main] HHH000204: Processing PersistenceUnitInfo [name: default]
2022-03-30 11:09:26,487 INFO org.hibernate.Version [main] HHH000412: Hibernate ORM core version 5.6.5.Final
2022-03-30 11:09:26,663 INFO org.hibernate.annotations.common.reflection.java.JavaReflectionManager [main] HCANN000001: Hibernate Commons Annotations {5.1.2.Final}
2022-03-30 11:09:26,774 INFO com.zaxxer.hikari.HikariDataSource [main] HikariPool-1 - Starting...
2022-03-30 11:09:26,797 INFO com.zaxxer.hikari.HikariDataSource [main] HikariPool-1 - Start completed.
2022-03-30 11:09:26,824 INFO org.hibernate.dialect.Dialect [main] HHH000400: Using dialect: org.hibernate.dialect.PostgreSQL10Dialect
2022-03-30 11:09:27,552 INFO org.hibernate.engine.transaction.jta.platform.internal.JtaPlatformInitiator [main] HHH000490: Using JtaPlatform implementation: [org.hibernate.engine.transaction.jta.platform.internal.NoJtaPlatform]
2022-03-30 11:09:27,559 INFO org.springframework.orm.jpa.AbstractEntityManagerFactoryBean [main] Initialized JPA EntityManagerFactory for persistence unit 'default'
2022-03-30 11:09:28,269 WARN org.springframework.boot.autoconfigure.orm.jpa.JpaBaseConfiguration$JpaWebConfiguration [main] spring.jpa.open-in-view is enabled by default. Therefore, database queries may be performed during view rendering. Explicitly configure spring.jpa.open-in-view to disable this warning
2022-03-30 11:09:29,187 INFO org.apache.juli.logging.DirectJDKLog [main] Starting ProtocolHandler ["http-nio-8080"]
2022-03-30 11:09:29,204 INFO org.springframework.boot.web.embedded.tomcat.TomcatWebServer [main] Tomcat started on port(s): 8080 (http) with context path ''
2022-03-30 11:09:29,206 INFO org.springframework.amqp.rabbit.connection.AbstractConnectionFactory [main] Attempting to connect to: [localhost:5672]
2022-03-30 11:09:29,290 INFO org.springframework.amqp.rabbit.connection.AbstractConnectionFactory [main] Created new connection: rabbitConnectionFactory#5ae16aa:0/SimpleConnection@309d54ac [delegate=amqp://guest@127.0.0.1:5672/, localPort= 62567]
2022-03-30 11:09:29,356 INFO org.springframework.boot.StartupInfoLogger [main] Started SpaceshipRentApplication in 10.55 seconds (JVM running for 11.228)
2022-03-30 11:09:41,496 INFO org.apache.juli.logging.DirectJDKLog [http-nio-8080-exec-1] Initializing Spring DispatcherServlet 'dispatcherServlet'
2022-03-30 11:09:41,497 INFO org.springframework.web.servlet.FrameworkServlet [http-nio-8080-exec-1] Initializing Servlet 'dispatcherServlet'
2022-03-30 11:09:41,498 INFO org.springframework.web.servlet.FrameworkServlet [http-nio-8080-exec-1] Completed initialization in 1 ms
2022-03-30 11:09:42,276 INFO org.springdoc.api.AbstractOpenApiResource [http-nio-8080-exec-6] Init duration for springdoc-openapi is: 389 ms
2022-03-30 11:09:48,269 INFO com.mindera.school.spaceshiprent.controller.UserController [http-nio-8080-exec-7] Request received to get all user at 2022-03-30
2022-03-30 11:23:26,915 INFO org.springframework.amqp.rabbit.listener.SimpleMessageListenerContainer [SpringApplicationShutdownHook] Waiting for workers to finish.
2022-03-30 11:23:27,696 INFO org.springframework.amqp.rabbit.listener.SimpleMessageListenerContainer [SpringApplicationShutdownHook] Successfully waited for workers to finish.
2022-03-30 11:23:27,715 INFO org.springframework.orm.jpa.AbstractEntityManagerFactoryBean [SpringApplicationShutdownHook] Closing JPA EntityManagerFactory for persistence unit 'default'
2022-03-30 11:23:27,717 INFO com.zaxxer.hikari.HikariDataSource [SpringApplicationShutdownHook] HikariPool-1 - Shutdown initiated...
2022-03-30 11:23:27,721 INFO com.zaxxer.hikari.HikariDataSource [SpringApplicationShutdownHook] HikariPool-1 - Shutdown completed.
2022-03-30 11:23:37,502 INFO org.hibernate.validator.internal.util.Version [background-preinit] HV000001: Hibernate Validator 6.2.2.Final
2022-03-30 11:23:37,513 INFO org.springframework.boot.StartupInfoLogger [main] Starting SpaceshipRentApplication using Java 17.0.1 on Filipas-MacBook-Pro.local with PID 25291 (/Users/pipinha/Back End/spaceship-rent-temp/target/classes started by pipinha in /Users/pipinha/Back End/spaceship-rent-temp)
2022-03-30 11:23:37,518 INFO org.springframework.boot.SpringApplication [main] The following 1 profile is active: "dev"
2022-03-30 11:23:38,904 INFO org.springframework.data.repository.config.RepositoryConfigurationDelegate [main] Bootstrapping Spring Data JPA repositories in DEFAULT mode.
2022-03-30 11:23:38,983 INFO org.springframework.data.repository.config.RepositoryConfigurationDelegate [main] Finished Spring Data repository scanning in 68 ms. Found 3 JPA repository interfaces.
2022-03-30 11:23:39,854 INFO org.springframework.boot.web.embedded.tomcat.TomcatWebServer [main] Tomcat initialized with port(s): 8080 (http)
2022-03-30 11:23:39,865 INFO org.apache.juli.logging.DirectJDKLog [main] Initializing ProtocolHandler ["http-nio-8080"]
2022-03-30 11:23:39,865 INFO org.apache.juli.logging.DirectJDKLog [main] Starting service [Tomcat]
2022-03-30 11:23:39,866 INFO org.apache.juli.logging.DirectJDKLog [main] Starting Servlet engine: [Apache Tomcat/9.0.58]
2022-03-30 11:23:39,990 INFO org.apache.juli.logging.DirectJDKLog [main] Initializing Spring embedded WebApplicationContext
2022-03-30 11:23:39,991 INFO org.springframework.boot.web.servlet.context.ServletWebServerApplicationContext [main] Root WebApplicationContext: initialization completed in 2405 ms
2022-03-30 11:23:40,328 INFO org.flywaydb.core.internal.logging.slf4j.Slf4jLog [main] Flyway Community Edition 8.4.0 by Redgate
2022-03-30 11:23:40,329 INFO org.flywaydb.core.internal.logging.slf4j.Slf4jLog [main] Database: jdbc:postgresql://localhost:5432/spaceship_rent_db (PostgreSQL 14.2)
2022-03-30 11:23:40,372 INFO org.flywaydb.core.internal.logging.slf4j.Slf4jLog [main] Successfully validated 2 migrations (execution time 00:00.021s)
2022-03-30 11:23:40,381 INFO org.flywaydb.core.internal.logging.slf4j.Slf4jLog [main] Current version of schema "public": 202203141432
2022-03-30 11:23:40,382 INFO org.flywaydb.core.internal.logging.slf4j.Slf4jLog [main] Schema "public" is up to date. No migration necessary.
2022-03-30 11:23:40,473 INFO org.hibernate.jpa.internal.util.LogHelper [main] HHH000204: Processing PersistenceUnitInfo [name: default]
2022-03-30 11:23:40,517 INFO org.hibernate.Version [main] HHH000412: Hibernate ORM core version 5.6.5.Final
2022-03-30 11:23:40,706 INFO org.hibernate.annotations.common.reflection.java.JavaReflectionManager [main] HCANN000001: Hibernate Commons Annotations {5.1.2.Final}
2022-03-30 11:23:40,814 INFO com.zaxxer.hikari.HikariDataSource [main] HikariPool-1 - Starting...
2022-03-30 11:23:40,842 INFO com.zaxxer.hikari.HikariDataSource [main] HikariPool-1 - Start completed.
2022-03-30 11:23:40,871 INFO org.hibernate.dialect.Dialect [main] HHH000400: Using dialect: org.hibernate.dialect.PostgreSQL10Dialect
2022-03-30 11:23:41,616 INFO org.hibernate.engine.transaction.jta.platform.internal.JtaPlatformInitiator [main] HHH000490: Using JtaPlatform implementation: [org.hibernate.engine.transaction.jta.platform.internal.NoJtaPlatform]
2022-03-30 11:23:41,624 INFO org.springframework.orm.jpa.AbstractEntityManagerFactoryBean [main] Initialized JPA EntityManagerFactory for persistence unit 'default'
2022-03-30 11:23:42,388 WARN org.springframework.boot.autoconfigure.orm.jpa.JpaBaseConfiguration$JpaWebConfiguration [main] spring.jpa.open-in-view is enabled by default. Therefore, database queries may be performed during view rendering. Explicitly configure spring.jpa.open-in-view to disable this warning
2022-03-30 11:23:43,468 INFO org.apache.juli.logging.DirectJDKLog [main] Starting ProtocolHandler ["http-nio-8080"]
2022-03-30 11:23:43,487 INFO org.springframework.boot.web.embedded.tomcat.TomcatWebServer [main] Tomcat started on port(s): 8080 (http) with context path ''
2022-03-30 11:23:43,496 INFO org.springframework.amqp.rabbit.connection.AbstractConnectionFactory [main] Attempting to connect to: [localhost:5672]
2022-03-30 11:23:43,551 INFO org.springframework.amqp.rabbit.connection.AbstractConnectionFactory [main] Created new connection: rabbitConnectionFactory#3b1137b0:0/SimpleConnection@15ca7322 [delegate=amqp://guest@127.0.0.1:5672/, localPort= 63288]
2022-03-30 11:23:43,622 INFO org.springframework.boot.StartupInfoLogger [main] Started SpaceshipRentApplication in 11.814 seconds (JVM running for 12.529)
2022-03-30 11:24:04,852 INFO org.apache.juli.logging.DirectJDKLog [http-nio-8080-exec-1] Initializing Spring DispatcherServlet 'dispatcherServlet'
2022-03-30 11:24:04,852 INFO org.springframework.web.servlet.FrameworkServlet [http-nio-8080-exec-1] Initializing Servlet 'dispatcherServlet'
2022-03-30 11:24:04,854 INFO org.springframework.web.servlet.FrameworkServlet [http-nio-8080-exec-1] Completed initialization in 1 ms
2022-03-30 11:24:05,634 INFO org.springdoc.api.AbstractOpenApiResource [http-nio-8080-exec-4] Init duration for springdoc-openapi is: 386 ms
2022-03-30 11:33:23,550 INFO org.springframework.amqp.rabbit.listener.SimpleMessageListenerContainer [SpringApplicationShutdownHook] Waiting for workers to finish.
2022-03-30 11:33:23,923 INFO org.springframework.amqp.rabbit.listener.SimpleMessageListenerContainer [SpringApplicationShutdownHook] Successfully waited for workers to finish.
2022-03-30 11:33:23,956 INFO org.springframework.orm.jpa.AbstractEntityManagerFactoryBean [SpringApplicationShutdownHook] Closing JPA EntityManagerFactory for persistence unit 'default'
2022-03-30 11:33:23,960 INFO com.zaxxer.hikari.HikariDataSource [SpringApplicationShutdownHook] HikariPool-1 - Shutdown initiated...
2022-03-30 11:33:23,964 INFO com.zaxxer.hikari.HikariDataSource [SpringApplicationShutdownHook] HikariPool-1 - Shutdown completed.
2022-03-30 11:33:32,574 INFO org.hibernate.validator.internal.util.Version [background-preinit] HV000001: Hibernate Validator 6.2.2.Final
2022-03-30 11:33:32,579 INFO org.springframework.boot.StartupInfoLogger [main] Starting SpaceshipRentApplication using Java 17.0.1 on Filipas-MacBook-Pro.local with PID 25559 (/Users/pipinha/Back End/spaceship-rent-temp/target/classes started by pipinha in /Users/pipinha/Back End/spaceship-rent-temp)
2022-03-30 11:33:32,580 INFO org.springframework.boot.SpringApplication [main] The following 1 profile is active: "dev"
2022-03-30 11:33:33,382 INFO org.springframework.data.repository.config.RepositoryConfigurationDelegate [main] Bootstrapping Spring Data JPA repositories in DEFAULT mode.
2022-03-30 11:33:33,442 INFO org.springframework.data.repository.config.RepositoryConfigurationDelegate [main] Finished Spring Data repository scanning in 51 ms. Found 3 JPA repository interfaces.
2022-03-30 11:33:34,023 INFO org.springframework.boot.web.embedded.tomcat.TomcatWebServer [main] Tomcat initialized with port(s): 8080 (http)
2022-03-30 11:33:34,035 INFO org.apache.juli.logging.DirectJDKLog [main] Initializing ProtocolHandler ["http-nio-8080"]
2022-03-30 11:33:34,036 INFO org.apache.juli.logging.DirectJDKLog [main] Starting service [Tomcat]
2022-03-30 11:33:34,036 INFO org.apache.juli.logging.DirectJDKLog [main] Starting Servlet engine: [Apache Tomcat/9.0.58]
2022-03-30 11:33:34,146 INFO org.apache.juli.logging.DirectJDKLog [main] Initializing Spring embedded WebApplicationContext
2022-03-30 11:33:34,147 INFO org.springframework.boot.web.servlet.context.ServletWebServerApplicationContext [main] Root WebApplicationContext: initialization completed in 1520 ms
2022-03-30 11:33:34,498 INFO org.flywaydb.core.internal.logging.slf4j.Slf4jLog [main] Flyway Community Edition 8.4.0 by Redgate
2022-03-30 11:33:34,499 INFO org.flywaydb.core.internal.logging.slf4j.Slf4jLog [main] Database: jdbc:postgresql://localhost:5432/spaceship_rent_db (PostgreSQL 14.2)
2022-03-30 11:33:34,538 INFO org.flywaydb.core.internal.logging.slf4j.Slf4jLog [main] Successfully validated 2 migrations (execution time 00:00.020s)
2022-03-30 11:33:34,546 INFO org.flywaydb.core.internal.logging.slf4j.Slf4jLog [main] Current version of schema "public": 202203141432
2022-03-30 11:33:34,547 INFO org.flywaydb.core.internal.logging.slf4j.Slf4jLog [main] Schema "public" is up to date. No migration necessary.
2022-03-30 11:33:34,671 INFO org.hibernate.jpa.internal.util.LogHelper [main] HHH000204: Processing PersistenceUnitInfo [name: default]
2022-03-30 11:33:34,723 INFO org.hibernate.Version [main] HHH000412: Hibernate ORM core version 5.6.5.Final
2022-03-30 11:33:34,883 INFO org.hibernate.annotations.common.reflection.java.JavaReflectionManager [main] HCANN000001: Hibernate Commons Annotations {5.1.2.Final}
2022-03-30 11:33:34,983 INFO com.zaxxer.hikari.HikariDataSource [main] HikariPool-1 - Starting...
2022-03-30 11:33:35,007 INFO com.zaxxer.hikari.HikariDataSource [main] HikariPool-1 - Start completed.
2022-03-30 11:33:35,041 INFO org.hibernate.dialect.Dialect [main] HHH000400: Using dialect: org.hibernate.dialect.PostgreSQL10Dialect
2022-03-30 11:33:35,827 INFO org.hibernate.engine.transaction.jta.platform.internal.JtaPlatformInitiator [main] HHH000490: Using JtaPlatform implementation: [org.hibernate.engine.transaction.jta.platform.internal.NoJtaPlatform]
2022-03-30 11:33:35,836 INFO org.springframework.orm.jpa.AbstractEntityManagerFactoryBean [main] Initialized JPA EntityManagerFactory for persistence unit 'default'
2022-03-30 11:33:36,644 WARN org.springframework.boot.autoconfigure.orm.jpa.JpaBaseConfiguration$JpaWebConfiguration [main] spring.jpa.open-in-view is enabled by default. Therefore, database queries may be performed during view rendering. Explicitly configure spring.jpa.open-in-view to disable this warning
2022-03-30 11:33:37,593 INFO org.apache.juli.logging.DirectJDKLog [main] Starting ProtocolHandler ["http-nio-8080"]
2022-03-30 11:33:37,617 INFO org.springframework.boot.web.embedded.tomcat.TomcatWebServer [main] Tomcat started on port(s): 8080 (http) with context path ''
2022-03-30 11:33:37,620 INFO org.springframework.amqp.rabbit.connection.AbstractConnectionFactory [main] Attempting to connect to: [localhost:5672]
2022-03-30 11:33:37,676 INFO org.springframework.amqp.rabbit.connection.AbstractConnectionFactory [main] Created new connection: rabbitConnectionFactory#3b1137b0:0/SimpleConnection@38318d67 [delegate=amqp://guest@127.0.0.1:5672/, localPort= 63358]
2022-03-30 11:33:37,738 INFO org.springframework.boot.StartupInfoLogger [main] Started SpaceshipRentApplication in 10.558 seconds (JVM running for 11.386)
2022-03-30 12:54:50,519 INFO org.springframework.test.context.support.AbstractTestContextBootstrapper [main] Neither @ContextConfiguration nor @ContextHierarchy found for test class [com.mindera.school.spaceshiprent.acceptance.UserControllerTest], using SpringBootContextLoader
2022-03-30 12:54:50,524 INFO org.springframework.test.context.support.AbstractContextLoader [main] Could not detect default resource locations for test class [com.mindera.school.spaceshiprent.acceptance.UserControllerTest]: no resource found for suffixes {-context.xml, Context.groovy}.
2022-03-30 12:54:50,525 INFO org.springframework.test.context.support.AnnotationConfigContextLoaderUtils [main] Could not detect default configuration classes for test class [com.mindera.school.spaceshiprent.acceptance.UserControllerTest]: UserControllerTest does not declare any static, non-private, non-final, nested classes annotated with @Configuration.
2022-03-30 12:54:50,641 INFO org.springframework.boot.test.context.SpringBootTestContextBootstrapper [main] Found @SpringBootConfiguration com.mindera.school.spaceshiprent.SpaceshipRentApplication for test class com.mindera.school.spaceshiprent.acceptance.UserControllerTest
2022-03-30 12:54:50,744 INFO org.springframework.test.context.support.AbstractTestContextBootstrapper [main] Loaded default TestExecutionListener class names from location [META-INF/spring.factories]: [org.springframework.boot.test.mock.mockito.MockitoTestExecutionListener, org.springframework.boot.test.mock.mockito.ResetMocksTestExecutionListener, org.springframework.boot.test.autoconfigure.restdocs.RestDocsTestExecutionListener, org.springframework.boot.test.autoconfigure.web.client.MockRestServiceServerResetTestExecutionListener, org.springframework.boot.test.autoconfigure.web.servlet.MockMvcPrintOnlyOnFailureTestExecutionListener, org.springframework.boot.test.autoconfigure.web.servlet.WebDriverTestExecutionListener, org.springframework.boot.test.autoconfigure.webservices.client.MockWebServiceServerTestExecutionListener, org.springframework.test.context.web.ServletTestExecutionListener, org.springframework.test.context.support.DirtiesContextBeforeModesTestExecutionListener, org.springframework.test.context.event.ApplicationEventsTestExecutionListener, org.springframework.test.context.support.DependencyInjectionTestExecutionListener, org.springframework.test.context.support.DirtiesContextTestExecutionListener, org.springframework.test.context.transaction.TransactionalTestExecutionListener, org.springframework.test.context.jdbc.SqlScriptsTestExecutionListener, org.springframework.test.context.event.EventPublishingTestExecutionListener]
2022-03-30 12:54:50,762 INFO org.springframework.test.context.support.AbstractTestContextBootstrapper [main] Using TestExecutionListeners: [org.springframework.test.context.web.ServletTestExecutionListener@228cea97, org.springframework.test.context.support.DirtiesContextBeforeModesTestExecutionListener@1d0a61c8, org.springframework.test.context.event.ApplicationEventsTestExecutionListener@46731692, org.springframework.boot.test.mock.mockito.MockitoTestExecutionListener@782bf610, org.springframework.boot.test.autoconfigure.SpringBootDependencyInjectionTestExecutionListener@3db663d0, org.springframework.test.context.support.DirtiesContextTestExecutionListener@73fc518f, org.springframework.test.context.transaction.TransactionalTestExecutionListener@2de50ee4, org.springframework.test.context.jdbc.SqlScriptsTestExecutionListener@ad9e63e, org.springframework.test.context.event.EventPublishingTestExecutionListener@47fbc56, org.springframework.boot.test.mock.mockito.ResetMocksTestExecutionListener@151ef57f, org.springframework.boot.test.autoconfigure.restdocs.RestDocsTestExecutionListener@10895b16, org.springframework.boot.test.autoconfigure.web.client.MockRestServiceServerResetTestExecutionListener@5524b72f, org.springframework.boot.test.autoconfigure.web.servlet.MockMvcPrintOnlyOnFailureTestExecutionListener@2cc03cd1, org.springframework.boot.test.autoconfigure.web.servlet.WebDriverTestExecutionListener@4e17913b, org.springframework.boot.test.autoconfigure.webservices.client.MockWebServiceServerTestExecutionListener@149c3204]
2022-03-30 12:54:56,225 WARN org.springframework.boot.test.json.DuplicateJsonObjectContextCustomizerFactory$DuplicateJsonObjectContextCustomizer [main] 

Found multiple occurrences of org.json.JSONObject on the class path:

	jar:file:/Users/pipinha/.m2/repository/com/vaadin/external/google/android-json/0.0.20131108.vaadin1/android-json-0.0.20131108.vaadin1.jar!/org/json/JSONObject.class
	jar:file:/Users/pipinha/.m2/repository/org/json/json/20140107/json-20140107.jar!/org/json/JSONObject.class

You may wish to exclude one of them to ensure predictable runtime behavior

2022-03-30 12:54:56,255 INFO org.hibernate.validator.internal.util.Version [background-preinit] HV000001: Hibernate Validator 6.2.2.Final
2022-03-30 12:54:56,259 INFO org.springframework.boot.StartupInfoLogger [main] Starting UserControllerTest using Java 17.0.1 on Filipas-MacBook-Pro.local with PID 27579 (started by pipinha in /Users/pipinha/Back End/spaceship-rent-temp)
2022-03-30 12:54:56,260 INFO org.springframework.boot.SpringApplication [main] No active profile set, falling back to 1 default profile: "default"
2022-03-30 12:54:57,368 INFO org.springframework.data.repository.config.RepositoryConfigurationDelegate [main] Bootstrapping Spring Data JPA repositories in DEFAULT mode.
2022-03-30 12:54:57,453 INFO org.springframework.data.repository.config.RepositoryConfigurationDelegate [main] Finished Spring Data repository scanning in 75 ms. Found 3 JPA repository interfaces.
2022-03-30 12:54:58,400 INFO org.springframework.boot.web.embedded.tomcat.TomcatWebServer [main] Tomcat initialized with port(s): 0 (http)
2022-03-30 12:54:58,417 INFO org.apache.juli.logging.DirectJDKLog [main] Initializing ProtocolHandler ["http-nio-auto-1"]
2022-03-30 12:54:58,418 INFO org.apache.juli.logging.DirectJDKLog [main] Starting service [Tomcat]
2022-03-30 12:54:58,419 INFO org.apache.juli.logging.DirectJDKLog [main] Starting Servlet engine: [Apache Tomcat/9.0.58]
2022-03-30 12:54:58,547 INFO org.apache.juli.logging.DirectJDKLog [main] Initializing Spring embedded WebApplicationContext
2022-03-30 12:54:58,548 INFO org.springframework.boot.web.servlet.context.ServletWebServerApplicationContext [main] Root WebApplicationContext: initialization completed in 2252 ms
2022-03-30 12:54:58,837 INFO com.zaxxer.hikari.HikariDataSource [main] HikariPool-1 - Starting...
2022-03-30 12:54:59,118 INFO com.zaxxer.hikari.HikariDataSource [main] HikariPool-1 - Start completed.
2022-03-30 12:54:59,199 INFO org.hibernate.jpa.internal.util.LogHelper [main] HHH000204: Processing PersistenceUnitInfo [name: default]
2022-03-30 12:54:59,277 INFO org.hibernate.Version [main] HHH000412: Hibernate ORM core version 5.6.5.Final
2022-03-30 12:54:59,318 INFO org.hibernate.annotations.common.reflection.java.JavaReflectionManager [main] HCANN000001: Hibernate Commons Annotations {5.1.2.Final}
2022-03-30 12:54:59,436 INFO org.hibernate.dialect.Dialect [main] HHH000400: Using dialect: org.hibernate.dialect.PostgreSQL95Dialect
2022-03-30 12:55:00,192 INFO org.hibernate.engine.transaction.jta.platform.internal.JtaPlatformInitiator [main] HHH000490: Using JtaPlatform implementation: [org.hibernate.engine.transaction.jta.platform.internal.NoJtaPlatform]
2022-03-30 12:55:00,198 INFO org.springframework.orm.jpa.AbstractEntityManagerFactoryBean [main] Initialized JPA EntityManagerFactory for persistence unit 'default'
2022-03-30 12:55:01,255 WARN org.springframework.boot.autoconfigure.orm.jpa.JpaBaseConfiguration$JpaWebConfiguration [main] spring.jpa.open-in-view is enabled by default. Therefore, database queries may be performed during view rendering. Explicitly configure spring.jpa.open-in-view to disable this warning
2022-03-30 12:55:02,985 INFO org.apache.juli.logging.DirectJDKLog [main] Starting ProtocolHandler ["http-nio-auto-1"]
2022-03-30 12:55:03,005 INFO org.springframework.boot.web.embedded.tomcat.TomcatWebServer [main] Tomcat started on port(s): 63710 (http) with context path ''
2022-03-30 12:55:03,007 INFO org.springframework.amqp.rabbit.connection.AbstractConnectionFactory [main] Attempting to connect to: [localhost:5672]
2022-03-30 12:55:03,078 INFO org.springframework.amqp.rabbit.connection.AbstractConnectionFactory [main] Created new connection: rabbitConnectionFactory#12b66c89:0/SimpleConnection@45bb502f [delegate=amqp://guest@127.0.0.1:5672/, localPort= 63711]
2022-03-30 12:55:03,157 INFO org.springframework.boot.StartupInfoLogger [main] Started UserControllerTest in 12.348 seconds (JVM running for 15.05)
2022-03-30 12:55:03,342 INFO org.apache.juli.logging.DirectJDKLog [http-nio-auto-1-exec-1] Initializing Spring DispatcherServlet 'dispatcherServlet'
2022-03-30 12:55:03,343 INFO org.springframework.web.servlet.FrameworkServlet [http-nio-auto-1-exec-1] Initializing Servlet 'dispatcherServlet'
2022-03-30 12:55:03,345 INFO org.springframework.web.servlet.FrameworkServlet [http-nio-auto-1-exec-1] Completed initialization in 2 ms
2022-03-30 12:55:03,409 INFO com.mindera.school.spaceshiprent.controller.UserController [http-nio-auto-1-exec-1] Request received to get user at 2022-03-30
2022-03-30 12:55:03,502 INFO com.mindera.school.spaceshiprent.controller.UserController [http-nio-auto-1-exec-2] Request received to get user at 2022-03-30
2022-03-30 12:55:03,506 ERROR com.mindera.school.spaceshiprent.exception.exceptionHandlers.SpaceshipRentExceptionHandler [http-nio-auto-1-exec-2] Can't find any user with the id 5
2022-03-30 12:55:03,534 INFO org.springframework.amqp.rabbit.listener.SimpleMessageListenerContainer [SpringApplicationShutdownHook] Waiting for workers to finish.
2022-03-30 12:55:04,159 INFO org.springframework.amqp.rabbit.listener.SimpleMessageListenerContainer [SpringApplicationShutdownHook] Successfully waited for workers to finish.
2022-03-30 12:55:04,189 INFO org.springframework.orm.jpa.AbstractEntityManagerFactoryBean [SpringApplicationShutdownHook] Closing JPA EntityManagerFactory for persistence unit 'default'
2022-03-30 12:55:04,191 INFO org.hibernate.tool.schema.internal.SchemaDropperImpl$DelayedDropActionImpl [SpringApplicationShutdownHook] HHH000477: Starting delayed evictData of schema as part of SessionFactory shut-down'
2022-03-30 12:55:04,214 INFO com.zaxxer.hikari.HikariDataSource [SpringApplicationShutdownHook] HikariPool-1 - Shutdown initiated...
2022-03-30 12:55:04,222 INFO com.zaxxer.hikari.HikariDataSource [SpringApplicationShutdownHook] HikariPool-1 - Shutdown completed.
2022-03-30 13:08:38,112 INFO org.springframework.test.context.support.AbstractTestContextBootstrapper [main] Neither @ContextConfiguration nor @ContextHierarchy found for test class [com.mindera.school.spaceshiprent.acceptance.UserControllerTest], using SpringBootContextLoader
2022-03-30 13:08:38,124 INFO org.springframework.test.context.support.AbstractContextLoader [main] Could not detect default resource locations for test class [com.mindera.school.spaceshiprent.acceptance.UserControllerTest]: no resource found for suffixes {-context.xml, Context.groovy}.
2022-03-30 13:08:38,127 INFO org.springframework.test.context.support.AnnotationConfigContextLoaderUtils [main] Could not detect default configuration classes for test class [com.mindera.school.spaceshiprent.acceptance.UserControllerTest]: UserControllerTest does not declare any static, non-private, non-final, nested classes annotated with @Configuration.
2022-03-30 13:08:38,358 INFO org.springframework.boot.test.context.SpringBootTestContextBootstrapper [main] Found @SpringBootConfiguration com.mindera.school.spaceshiprent.SpaceshipRentApplication for test class com.mindera.school.spaceshiprent.acceptance.UserControllerTest
2022-03-30 13:08:38,562 INFO org.springframework.test.context.support.AbstractTestContextBootstrapper [main] Loaded default TestExecutionListener class names from location [META-INF/spring.factories]: [org.springframework.boot.test.mock.mockito.MockitoTestExecutionListener, org.springframework.boot.test.mock.mockito.ResetMocksTestExecutionListener, org.springframework.boot.test.autoconfigure.restdocs.RestDocsTestExecutionListener, org.springframework.boot.test.autoconfigure.web.client.MockRestServiceServerResetTestExecutionListener, org.springframework.boot.test.autoconfigure.web.servlet.MockMvcPrintOnlyOnFailureTestExecutionListener, org.springframework.boot.test.autoconfigure.web.servlet.WebDriverTestExecutionListener, org.springframework.boot.test.autoconfigure.webservices.client.MockWebServiceServerTestExecutionListener, org.springframework.test.context.web.ServletTestExecutionListener, org.springframework.test.context.support.DirtiesContextBeforeModesTestExecutionListener, org.springframework.test.context.event.ApplicationEventsTestExecutionListener, org.springframework.test.context.support.DependencyInjectionTestExecutionListener, org.springframework.test.context.support.DirtiesContextTestExecutionListener, org.springframework.test.context.transaction.TransactionalTestExecutionListener, org.springframework.test.context.jdbc.SqlScriptsTestExecutionListener, org.springframework.test.context.event.EventPublishingTestExecutionListener]
2022-03-30 13:08:38,615 INFO org.springframework.test.context.support.AbstractTestContextBootstrapper [main] Using TestExecutionListeners: [org.springframework.test.context.web.ServletTestExecutionListener@72a7aa4f, org.springframework.test.context.support.DirtiesContextBeforeModesTestExecutionListener@537ca28e, org.springframework.test.context.event.ApplicationEventsTestExecutionListener@5b322873, org.springframework.boot.test.mock.mockito.MockitoTestExecutionListener@35e2b89f, org.springframework.boot.test.autoconfigure.SpringBootDependencyInjectionTestExecutionListener@7ad889be, org.springframework.test.context.support.DirtiesContextTestExecutionListener@4c063cb9, org.springframework.test.context.transaction.TransactionalTestExecutionListener@63de4fa, org.springframework.test.context.jdbc.SqlScriptsTestExecutionListener@26bb92e2, org.springframework.test.context.event.EventPublishingTestExecutionListener@18907af2, org.springframework.boot.test.mock.mockito.ResetMocksTestExecutionListener@658e7ead, org.springframework.boot.test.autoconfigure.restdocs.RestDocsTestExecutionListener@cfd5cd2, org.springframework.boot.test.autoconfigure.web.client.MockRestServiceServerResetTestExecutionListener@762bf32d, org.springframework.boot.test.autoconfigure.web.servlet.MockMvcPrintOnlyOnFailureTestExecutionListener@6d7740f0, org.springframework.boot.test.autoconfigure.web.servlet.WebDriverTestExecutionListener@7b1a30e5, org.springframework.boot.test.autoconfigure.webservices.client.MockWebServiceServerTestExecutionListener@1de7f898]
2022-03-30 13:08:39,270 WARN org.springframework.boot.test.json.DuplicateJsonObjectContextCustomizerFactory$DuplicateJsonObjectContextCustomizer [main] 

Found multiple occurrences of org.json.JSONObject on the class path:

	jar:file:/Users/pipinha/.m2/repository/com/vaadin/external/google/android-json/0.0.20131108.vaadin1/android-json-0.0.20131108.vaadin1.jar!/org/json/JSONObject.class
	jar:file:/Users/pipinha/.m2/repository/org/json/json/20140107/json-20140107.jar!/org/json/JSONObject.class

You may wish to exclude one of them to ensure predictable runtime behavior

2022-03-30 13:08:39,286 INFO org.hibernate.validator.internal.util.Version [background-preinit] HV000001: Hibernate Validator 6.2.2.Final
2022-03-30 13:08:39,299 INFO org.springframework.boot.StartupInfoLogger [main] Starting UserControllerTest using Java 17.0.1 on Filipas-MacBook-Pro.local with PID 28691 (started by pipinha in /Users/pipinha/BackEnd/spaceship-rent-temp)
2022-03-30 13:08:39,300 INFO org.springframework.boot.SpringApplication [main] No active profile set, falling back to 1 default profile: "default"
2022-03-30 13:08:40,582 INFO org.springframework.data.repository.config.RepositoryConfigurationDelegate [main] Bootstrapping Spring Data JPA repositories in DEFAULT mode.
2022-03-30 13:08:40,666 INFO org.springframework.data.repository.config.RepositoryConfigurationDelegate [main] Finished Spring Data repository scanning in 73 ms. Found 3 JPA repository interfaces.
2022-03-30 13:08:41,788 INFO org.springframework.boot.web.embedded.tomcat.TomcatWebServer [main] Tomcat initialized with port(s): 0 (http)
2022-03-30 13:08:41,813 INFO org.apache.juli.logging.DirectJDKLog [main] Initializing ProtocolHandler ["http-nio-auto-1"]
2022-03-30 13:08:41,815 INFO org.apache.juli.logging.DirectJDKLog [main] Starting service [Tomcat]
2022-03-30 13:08:41,816 INFO org.apache.juli.logging.DirectJDKLog [main] Starting Servlet engine: [Apache Tomcat/9.0.58]
2022-03-30 13:08:41,990 INFO org.apache.juli.logging.DirectJDKLog [main] Initializing Spring embedded WebApplicationContext
2022-03-30 13:08:41,990 INFO org.springframework.boot.web.servlet.context.ServletWebServerApplicationContext [main] Root WebApplicationContext: initialization completed in 2647 ms
2022-03-30 13:08:42,328 INFO com.zaxxer.hikari.HikariDataSource [main] HikariPool-1 - Starting...
2022-03-30 13:08:42,784 INFO com.zaxxer.hikari.HikariDataSource [main] HikariPool-1 - Start completed.
2022-03-30 13:08:42,884 INFO org.hibernate.jpa.internal.util.LogHelper [main] HHH000204: Processing PersistenceUnitInfo [name: default]
2022-03-30 13:08:43,005 INFO org.hibernate.Version [main] HHH000412: Hibernate ORM core version 5.6.5.Final
2022-03-30 13:08:43,088 INFO org.hibernate.annotations.common.reflection.java.JavaReflectionManager [main] HCANN000001: Hibernate Commons Annotations {5.1.2.Final}
2022-03-30 13:08:43,361 INFO org.hibernate.dialect.Dialect [main] HHH000400: Using dialect: org.hibernate.dialect.PostgreSQL95Dialect
2022-03-30 13:08:44,370 INFO org.hibernate.engine.transaction.jta.platform.internal.JtaPlatformInitiator [main] HHH000490: Using JtaPlatform implementation: [org.hibernate.engine.transaction.jta.platform.internal.NoJtaPlatform]
2022-03-30 13:08:44,380 INFO org.springframework.orm.jpa.AbstractEntityManagerFactoryBean [main] Initialized JPA EntityManagerFactory for persistence unit 'default'
2022-03-30 13:08:45,499 WARN org.springframework.boot.autoconfigure.orm.jpa.JpaBaseConfiguration$JpaWebConfiguration [main] spring.jpa.open-in-view is enabled by default. Therefore, database queries may be performed during view rendering. Explicitly configure spring.jpa.open-in-view to disable this warning
2022-03-30 13:08:47,601 INFO org.apache.juli.logging.DirectJDKLog [main] Starting ProtocolHandler ["http-nio-auto-1"]
2022-03-30 13:08:47,641 INFO org.springframework.boot.web.embedded.tomcat.TomcatWebServer [main] Tomcat started on port(s): 63846 (http) with context path ''
2022-03-30 13:08:47,644 INFO org.springframework.amqp.rabbit.connection.AbstractConnectionFactory [main] Attempting to connect to: [localhost:5672]
2022-03-30 13:08:47,753 INFO org.springframework.amqp.rabbit.connection.AbstractConnectionFactory [main] Created new connection: rabbitConnectionFactory#5d127055:0/SimpleConnection@2755a766 [delegate=amqp://guest@127.0.0.1:5672/, localPort= 63847]
2022-03-30 13:08:47,888 INFO org.springframework.boot.StartupInfoLogger [main] Started UserControllerTest in 9.221 seconds (JVM running for 17.239)
2022-03-30 13:08:48,264 INFO org.apache.juli.logging.DirectJDKLog [http-nio-auto-1-exec-1] Initializing Spring DispatcherServlet 'dispatcherServlet'
2022-03-30 13:08:48,265 INFO org.springframework.web.servlet.FrameworkServlet [http-nio-auto-1-exec-1] Initializing Servlet 'dispatcherServlet'
2022-03-30 13:08:48,267 INFO org.springframework.web.servlet.FrameworkServlet [http-nio-auto-1-exec-1] Completed initialization in 2 ms
2022-03-30 13:08:48,338 INFO com.mindera.school.spaceshiprent.controller.UserController [http-nio-auto-1-exec-1] Request received to get user at 2022-03-30
2022-03-30 13:08:48,504 INFO com.mindera.school.spaceshiprent.controller.UserController [http-nio-auto-1-exec-2] Request received to get user at 2022-03-30
2022-03-30 13:08:48,509 ERROR com.mindera.school.spaceshiprent.exception.exceptionHandlers.SpaceshipRentExceptionHandler [http-nio-auto-1-exec-2] Can't find any user with the id 5
2022-03-30 13:08:48,983 INFO org.springframework.amqp.rabbit.listener.SimpleMessageListenerContainer [SpringApplicationShutdownHook] Waiting for workers to finish.
2022-03-30 13:08:49,874 INFO org.springframework.amqp.rabbit.listener.SimpleMessageListenerContainer [SpringApplicationShutdownHook] Successfully waited for workers to finish.
2022-03-30 13:08:49,895 INFO org.springframework.orm.jpa.AbstractEntityManagerFactoryBean [SpringApplicationShutdownHook] Closing JPA EntityManagerFactory for persistence unit 'default'
2022-03-30 13:08:49,896 INFO org.hibernate.tool.schema.internal.SchemaDropperImpl$DelayedDropActionImpl [SpringApplicationShutdownHook] HHH000477: Starting delayed evictData of schema as part of SessionFactory shut-down'
2022-03-30 13:08:49,905 INFO com.zaxxer.hikari.HikariDataSource [SpringApplicationShutdownHook] HikariPool-1 - Shutdown initiated...
2022-03-30 13:08:49,907 INFO com.zaxxer.hikari.HikariDataSource [SpringApplicationShutdownHook] HikariPool-1 - Shutdown completed.
2022-03-30 13:09:55,353 INFO org.springframework.test.context.support.AbstractTestContextBootstrapper [main] Neither @ContextConfiguration nor @ContextHierarchy found for test class [com.mindera.school.spaceshiprent.acceptance.UserControllerTest], using SpringBootContextLoader
2022-03-30 13:09:55,365 INFO org.springframework.test.context.support.AbstractContextLoader [main] Could not detect default resource locations for test class [com.mindera.school.spaceshiprent.acceptance.UserControllerTest]: no resource found for suffixes {-context.xml, Context.groovy}.
2022-03-30 13:09:55,366 INFO org.springframework.test.context.support.AnnotationConfigContextLoaderUtils [main] Could not detect default configuration classes for test class [com.mindera.school.spaceshiprent.acceptance.UserControllerTest]: UserControllerTest does not declare any static, non-private, non-final, nested classes annotated with @Configuration.
2022-03-30 13:09:55,609 INFO org.springframework.boot.test.context.SpringBootTestContextBootstrapper [main] Found @SpringBootConfiguration com.mindera.school.spaceshiprent.SpaceshipRentApplication for test class com.mindera.school.spaceshiprent.acceptance.UserControllerTest
2022-03-30 13:09:55,802 INFO org.springframework.test.context.support.AbstractTestContextBootstrapper [main] Loaded default TestExecutionListener class names from location [META-INF/spring.factories]: [org.springframework.boot.test.mock.mockito.MockitoTestExecutionListener, org.springframework.boot.test.mock.mockito.ResetMocksTestExecutionListener, org.springframework.boot.test.autoconfigure.restdocs.RestDocsTestExecutionListener, org.springframework.boot.test.autoconfigure.web.client.MockRestServiceServerResetTestExecutionListener, org.springframework.boot.test.autoconfigure.web.servlet.MockMvcPrintOnlyOnFailureTestExecutionListener, org.springframework.boot.test.autoconfigure.web.servlet.WebDriverTestExecutionListener, org.springframework.boot.test.autoconfigure.webservices.client.MockWebServiceServerTestExecutionListener, org.springframework.test.context.web.ServletTestExecutionListener, org.springframework.test.context.support.DirtiesContextBeforeModesTestExecutionListener, org.springframework.test.context.event.ApplicationEventsTestExecutionListener, org.springframework.test.context.support.DependencyInjectionTestExecutionListener, org.springframework.test.context.support.DirtiesContextTestExecutionListener, org.springframework.test.context.transaction.TransactionalTestExecutionListener, org.springframework.test.context.jdbc.SqlScriptsTestExecutionListener, org.springframework.test.context.event.EventPublishingTestExecutionListener]
2022-03-30 13:09:55,861 INFO org.springframework.test.context.support.AbstractTestContextBootstrapper [main] Using TestExecutionListeners: [org.springframework.test.context.web.ServletTestExecutionListener@72a7aa4f, org.springframework.test.context.support.DirtiesContextBeforeModesTestExecutionListener@537ca28e, org.springframework.test.context.event.ApplicationEventsTestExecutionListener@5b322873, org.springframework.boot.test.mock.mockito.MockitoTestExecutionListener@35e2b89f, org.springframework.boot.test.autoconfigure.SpringBootDependencyInjectionTestExecutionListener@7ad889be, org.springframework.test.context.support.DirtiesContextTestExecutionListener@4c063cb9, org.springframework.test.context.transaction.TransactionalTestExecutionListener@63de4fa, org.springframework.test.context.jdbc.SqlScriptsTestExecutionListener@26bb92e2, org.springframework.test.context.event.EventPublishingTestExecutionListener@18907af2, org.springframework.boot.test.mock.mockito.ResetMocksTestExecutionListener@658e7ead, org.springframework.boot.test.autoconfigure.restdocs.RestDocsTestExecutionListener@cfd5cd2, org.springframework.boot.test.autoconfigure.web.client.MockRestServiceServerResetTestExecutionListener@762bf32d, org.springframework.boot.test.autoconfigure.web.servlet.MockMvcPrintOnlyOnFailureTestExecutionListener@6d7740f0, org.springframework.boot.test.autoconfigure.web.servlet.WebDriverTestExecutionListener@7b1a30e5, org.springframework.boot.test.autoconfigure.webservices.client.MockWebServiceServerTestExecutionListener@1de7f898]
2022-03-30 13:09:56,509 WARN org.springframework.boot.test.json.DuplicateJsonObjectContextCustomizerFactory$DuplicateJsonObjectContextCustomizer [main] 

Found multiple occurrences of org.json.JSONObject on the class path:

	jar:file:/Users/pipinha/.m2/repository/com/vaadin/external/google/android-json/0.0.20131108.vaadin1/android-json-0.0.20131108.vaadin1.jar!/org/json/JSONObject.class
	jar:file:/Users/pipinha/.m2/repository/org/json/json/20140107/json-20140107.jar!/org/json/JSONObject.class

You may wish to exclude one of them to ensure predictable runtime behavior

2022-03-30 13:09:56,523 INFO org.hibernate.validator.internal.util.Version [background-preinit] HV000001: Hibernate Validator 6.2.2.Final
2022-03-30 13:09:56,540 INFO org.springframework.boot.StartupInfoLogger [main] Starting UserControllerTest using Java 17.0.1 on Filipas-MacBook-Pro.local with PID 28795 (started by pipinha in /Users/pipinha/BackEnd/spaceship-rent-temp)
2022-03-30 13:09:56,542 INFO org.springframework.boot.SpringApplication [main] No active profile set, falling back to 1 default profile: "default"
2022-03-30 13:09:57,721 INFO org.springframework.data.repository.config.RepositoryConfigurationDelegate [main] Bootstrapping Spring Data JPA repositories in DEFAULT mode.
2022-03-30 13:09:57,806 INFO org.springframework.data.repository.config.RepositoryConfigurationDelegate [main] Finished Spring Data repository scanning in 72 ms. Found 3 JPA repository interfaces.
2022-03-30 13:09:58,871 INFO org.springframework.boot.web.embedded.tomcat.TomcatWebServer [main] Tomcat initialized with port(s): 0 (http)
2022-03-30 13:09:58,892 INFO org.apache.juli.logging.DirectJDKLog [main] Initializing ProtocolHandler ["http-nio-auto-1"]
2022-03-30 13:09:58,893 INFO org.apache.juli.logging.DirectJDKLog [main] Starting service [Tomcat]
2022-03-30 13:09:58,894 INFO org.apache.juli.logging.DirectJDKLog [main] Starting Servlet engine: [Apache Tomcat/9.0.58]
2022-03-30 13:09:59,068 INFO org.apache.juli.logging.DirectJDKLog [main] Initializing Spring embedded WebApplicationContext
2022-03-30 13:09:59,069 INFO org.springframework.boot.web.servlet.context.ServletWebServerApplicationContext [main] Root WebApplicationContext: initialization completed in 2486 ms
2022-03-30 13:09:59,396 INFO com.zaxxer.hikari.HikariDataSource [main] HikariPool-1 - Starting...
2022-03-30 13:09:59,835 INFO com.zaxxer.hikari.HikariDataSource [main] HikariPool-1 - Start completed.
2022-03-30 13:09:59,952 INFO org.hibernate.jpa.internal.util.LogHelper [main] HHH000204: Processing PersistenceUnitInfo [name: default]
2022-03-30 13:10:00,077 INFO org.hibernate.Version [main] HHH000412: Hibernate ORM core version 5.6.5.Final
2022-03-30 13:10:00,149 INFO org.hibernate.annotations.common.reflection.java.JavaReflectionManager [main] HCANN000001: Hibernate Commons Annotations {5.1.2.Final}
2022-03-30 13:10:00,412 INFO org.hibernate.dialect.Dialect [main] HHH000400: Using dialect: org.hibernate.dialect.PostgreSQL95Dialect
2022-03-30 13:10:01,327 INFO org.hibernate.engine.transaction.jta.platform.internal.JtaPlatformInitiator [main] HHH000490: Using JtaPlatform implementation: [org.hibernate.engine.transaction.jta.platform.internal.NoJtaPlatform]
2022-03-30 13:10:01,339 INFO org.springframework.orm.jpa.AbstractEntityManagerFactoryBean [main] Initialized JPA EntityManagerFactory for persistence unit 'default'
2022-03-30 13:10:02,456 WARN org.springframework.boot.autoconfigure.orm.jpa.JpaBaseConfiguration$JpaWebConfiguration [main] spring.jpa.open-in-view is enabled by default. Therefore, database queries may be performed during view rendering. Explicitly configure spring.jpa.open-in-view to disable this warning
2022-03-30 13:10:04,440 INFO org.apache.juli.logging.DirectJDKLog [main] Starting ProtocolHandler ["http-nio-auto-1"]
2022-03-30 13:10:04,469 INFO org.springframework.boot.web.embedded.tomcat.TomcatWebServer [main] Tomcat started on port(s): 63875 (http) with context path ''
2022-03-30 13:10:04,471 INFO org.springframework.amqp.rabbit.connection.AbstractConnectionFactory [main] Attempting to connect to: [localhost:5672]
2022-03-30 13:10:04,572 INFO org.springframework.amqp.rabbit.connection.AbstractConnectionFactory [main] Created new connection: rabbitConnectionFactory#680b9a12:0/SimpleConnection@1fff7060 [delegate=amqp://guest@127.0.0.1:5672/, localPort= 63876]
2022-03-30 13:10:04,684 INFO org.springframework.boot.StartupInfoLogger [main] Started UserControllerTest in 8.76 seconds (JVM running for 16.82)
2022-03-30 13:10:04,968 INFO org.apache.juli.logging.DirectJDKLog [http-nio-auto-1-exec-1] Initializing Spring DispatcherServlet 'dispatcherServlet'
2022-03-30 13:10:04,969 INFO org.springframework.web.servlet.FrameworkServlet [http-nio-auto-1-exec-1] Initializing Servlet 'dispatcherServlet'
2022-03-30 13:10:04,972 INFO org.springframework.web.servlet.FrameworkServlet [http-nio-auto-1-exec-1] Completed initialization in 2 ms
2022-03-30 13:10:05,040 INFO com.mindera.school.spaceshiprent.controller.UserController [http-nio-auto-1-exec-1] Request received to get user at 2022-03-30
2022-03-30 13:10:05,135 INFO com.mindera.school.spaceshiprent.controller.UserController [http-nio-auto-1-exec-2] Request received to get user at 2022-03-30
2022-03-30 13:10:05,137 ERROR com.mindera.school.spaceshiprent.exception.exceptionHandlers.SpaceshipRentExceptionHandler [http-nio-auto-1-exec-2] Can't find any user with the id 5
2022-03-30 13:10:05,464 INFO org.springframework.amqp.rabbit.listener.SimpleMessageListenerContainer [SpringApplicationShutdownHook] Waiting for workers to finish.
2022-03-30 13:10:05,674 INFO org.springframework.amqp.rabbit.listener.SimpleMessageListenerContainer [SpringApplicationShutdownHook] Successfully waited for workers to finish.
2022-03-30 13:10:05,694 INFO org.springframework.orm.jpa.AbstractEntityManagerFactoryBean [SpringApplicationShutdownHook] Closing JPA EntityManagerFactory for persistence unit 'default'
2022-03-30 13:10:05,695 INFO org.hibernate.tool.schema.internal.SchemaDropperImpl$DelayedDropActionImpl [SpringApplicationShutdownHook] HHH000477: Starting delayed evictData of schema as part of SessionFactory shut-down'
2022-03-30 13:10:05,703 INFO com.zaxxer.hikari.HikariDataSource [SpringApplicationShutdownHook] HikariPool-1 - Shutdown initiated...
2022-03-30 13:10:05,706 INFO com.zaxxer.hikari.HikariDataSource [SpringApplicationShutdownHook] HikariPool-1 - Shutdown completed.
2022-03-30 13:13:33,535 INFO org.springframework.test.context.support.AbstractTestContextBootstrapper [main] Neither @ContextConfiguration nor @ContextHierarchy found for test class [com.mindera.school.spaceshiprent.acceptance.UserControllerTest], using SpringBootContextLoader
2022-03-30 13:13:33,548 INFO org.springframework.test.context.support.AbstractContextLoader [main] Could not detect default resource locations for test class [com.mindera.school.spaceshiprent.acceptance.UserControllerTest]: no resource found for suffixes {-context.xml, Context.groovy}.
2022-03-30 13:13:33,550 INFO org.springframework.test.context.support.AnnotationConfigContextLoaderUtils [main] Could not detect default configuration classes for test class [com.mindera.school.spaceshiprent.acceptance.UserControllerTest]: UserControllerTest does not declare any static, non-private, non-final, nested classes annotated with @Configuration.
2022-03-30 13:13:33,748 INFO org.springframework.boot.test.context.SpringBootTestContextBootstrapper [main] Found @SpringBootConfiguration com.mindera.school.spaceshiprent.SpaceshipRentApplication for test class com.mindera.school.spaceshiprent.acceptance.UserControllerTest
2022-03-30 13:13:33,946 INFO org.springframework.test.context.support.AbstractTestContextBootstrapper [main] Loaded default TestExecutionListener class names from location [META-INF/spring.factories]: [org.springframework.boot.test.mock.mockito.MockitoTestExecutionListener, org.springframework.boot.test.mock.mockito.ResetMocksTestExecutionListener, org.springframework.boot.test.autoconfigure.restdocs.RestDocsTestExecutionListener, org.springframework.boot.test.autoconfigure.web.client.MockRestServiceServerResetTestExecutionListener, org.springframework.boot.test.autoconfigure.web.servlet.MockMvcPrintOnlyOnFailureTestExecutionListener, org.springframework.boot.test.autoconfigure.web.servlet.WebDriverTestExecutionListener, org.springframework.boot.test.autoconfigure.webservices.client.MockWebServiceServerTestExecutionListener, org.springframework.test.context.web.ServletTestExecutionListener, org.springframework.test.context.support.DirtiesContextBeforeModesTestExecutionListener, org.springframework.test.context.event.ApplicationEventsTestExecutionListener, org.springframework.test.context.support.DependencyInjectionTestExecutionListener, org.springframework.test.context.support.DirtiesContextTestExecutionListener, org.springframework.test.context.transaction.TransactionalTestExecutionListener, org.springframework.test.context.jdbc.SqlScriptsTestExecutionListener, org.springframework.test.context.event.EventPublishingTestExecutionListener]
2022-03-30 13:13:33,989 INFO org.springframework.test.context.support.AbstractTestContextBootstrapper [main] Using TestExecutionListeners: [org.springframework.test.context.web.ServletTestExecutionListener@72a7aa4f, org.springframework.test.context.support.DirtiesContextBeforeModesTestExecutionListener@537ca28e, org.springframework.test.context.event.ApplicationEventsTestExecutionListener@5b322873, org.springframework.boot.test.mock.mockito.MockitoTestExecutionListener@35e2b89f, org.springframework.boot.test.autoconfigure.SpringBootDependencyInjectionTestExecutionListener@7ad889be, org.springframework.test.context.support.DirtiesContextTestExecutionListener@4c063cb9, org.springframework.test.context.transaction.TransactionalTestExecutionListener@63de4fa, org.springframework.test.context.jdbc.SqlScriptsTestExecutionListener@26bb92e2, org.springframework.test.context.event.EventPublishingTestExecutionListener@18907af2, org.springframework.boot.test.mock.mockito.ResetMocksTestExecutionListener@658e7ead, org.springframework.boot.test.autoconfigure.restdocs.RestDocsTestExecutionListener@cfd5cd2, org.springframework.boot.test.autoconfigure.web.client.MockRestServiceServerResetTestExecutionListener@762bf32d, org.springframework.boot.test.autoconfigure.web.servlet.MockMvcPrintOnlyOnFailureTestExecutionListener@6d7740f0, org.springframework.boot.test.autoconfigure.web.servlet.WebDriverTestExecutionListener@7b1a30e5, org.springframework.boot.test.autoconfigure.webservices.client.MockWebServiceServerTestExecutionListener@1de7f898]
2022-03-30 13:13:34,591 WARN org.springframework.boot.test.json.DuplicateJsonObjectContextCustomizerFactory$DuplicateJsonObjectContextCustomizer [main] 

Found multiple occurrences of org.json.JSONObject on the class path:

	jar:file:/Users/pipinha/.m2/repository/com/vaadin/external/google/android-json/0.0.20131108.vaadin1/android-json-0.0.20131108.vaadin1.jar!/org/json/JSONObject.class
	jar:file:/Users/pipinha/.m2/repository/org/json/json/20140107/json-20140107.jar!/org/json/JSONObject.class

You may wish to exclude one of them to ensure predictable runtime behavior

2022-03-30 13:13:34,604 INFO org.hibernate.validator.internal.util.Version [background-preinit] HV000001: Hibernate Validator 6.2.2.Final
2022-03-30 13:13:34,629 INFO org.springframework.boot.StartupInfoLogger [main] Starting UserControllerTest using Java 17.0.1 on Filipas-MacBook-Pro.local with PID 28946 (started by pipinha in /Users/pipinha/BackEnd/spaceship-rent-temp)
2022-03-30 13:13:34,631 INFO org.springframework.boot.SpringApplication [main] No active profile set, falling back to 1 default profile: "default"
2022-03-30 13:13:35,749 INFO org.springframework.data.repository.config.RepositoryConfigurationDelegate [main] Bootstrapping Spring Data JPA repositories in DEFAULT mode.
2022-03-30 13:13:35,836 INFO org.springframework.data.repository.config.RepositoryConfigurationDelegate [main] Finished Spring Data repository scanning in 70 ms. Found 3 JPA repository interfaces.
2022-03-30 13:13:36,784 INFO org.springframework.boot.web.embedded.tomcat.TomcatWebServer [main] Tomcat initialized with port(s): 0 (http)
2022-03-30 13:13:36,802 INFO org.apache.juli.logging.DirectJDKLog [main] Initializing ProtocolHandler ["http-nio-auto-1"]
2022-03-30 13:13:36,803 INFO org.apache.juli.logging.DirectJDKLog [main] Starting service [Tomcat]
2022-03-30 13:13:36,803 INFO org.apache.juli.logging.DirectJDKLog [main] Starting Servlet engine: [Apache Tomcat/9.0.58]
2022-03-30 13:13:36,961 INFO org.apache.juli.logging.DirectJDKLog [main] Initializing Spring embedded WebApplicationContext
2022-03-30 13:13:36,962 INFO org.springframework.boot.web.servlet.context.ServletWebServerApplicationContext [main] Root WebApplicationContext: initialization completed in 2289 ms
2022-03-30 13:13:37,251 INFO com.zaxxer.hikari.HikariDataSource [main] HikariPool-1 - Starting...
2022-03-30 13:13:37,769 INFO com.zaxxer.hikari.HikariDataSource [main] HikariPool-1 - Start completed.
2022-03-30 13:13:37,867 INFO org.hibernate.jpa.internal.util.LogHelper [main] HHH000204: Processing PersistenceUnitInfo [name: default]
2022-03-30 13:13:37,979 INFO org.hibernate.Version [main] HHH000412: Hibernate ORM core version 5.6.5.Final
2022-03-30 13:13:38,066 INFO org.hibernate.annotations.common.reflection.java.JavaReflectionManager [main] HCANN000001: Hibernate Commons Annotations {5.1.2.Final}
2022-03-30 13:13:38,296 INFO org.hibernate.dialect.Dialect [main] HHH000400: Using dialect: org.hibernate.dialect.PostgreSQL95Dialect
2022-03-30 13:13:39,319 INFO org.hibernate.engine.transaction.jta.platform.internal.JtaPlatformInitiator [main] HHH000490: Using JtaPlatform implementation: [org.hibernate.engine.transaction.jta.platform.internal.NoJtaPlatform]
2022-03-30 13:13:39,331 INFO org.springframework.orm.jpa.AbstractEntityManagerFactoryBean [main] Initialized JPA EntityManagerFactory for persistence unit 'default'
2022-03-30 13:13:40,330 WARN org.springframework.boot.autoconfigure.orm.jpa.JpaBaseConfiguration$JpaWebConfiguration [main] spring.jpa.open-in-view is enabled by default. Therefore, database queries may be performed during view rendering. Explicitly configure spring.jpa.open-in-view to disable this warning
2022-03-30 13:13:41,933 INFO org.apache.juli.logging.DirectJDKLog [main] Starting ProtocolHandler ["http-nio-auto-1"]
2022-03-30 13:13:41,961 INFO org.springframework.boot.web.embedded.tomcat.TomcatWebServer [main] Tomcat started on port(s): 63907 (http) with context path ''
2022-03-30 13:13:41,963 INFO org.springframework.amqp.rabbit.connection.AbstractConnectionFactory [main] Attempting to connect to: [localhost:5672]
2022-03-30 13:13:42,063 INFO org.springframework.amqp.rabbit.connection.AbstractConnectionFactory [main] Created new connection: rabbitConnectionFactory#5d127055:0/SimpleConnection@6e993864 [delegate=amqp://guest@127.0.0.1:5672/, localPort= 63908]
2022-03-30 13:13:42,155 INFO org.springframework.boot.StartupInfoLogger [main] Started UserControllerTest in 8.088 seconds (JVM running for 15.881)
2022-03-30 13:13:42,415 INFO org.apache.juli.logging.DirectJDKLog [http-nio-auto-1-exec-1] Initializing Spring DispatcherServlet 'dispatcherServlet'
2022-03-30 13:13:42,416 INFO org.springframework.web.servlet.FrameworkServlet [http-nio-auto-1-exec-1] Initializing Servlet 'dispatcherServlet'
2022-03-30 13:13:42,418 INFO org.springframework.web.servlet.FrameworkServlet [http-nio-auto-1-exec-1] Completed initialization in 2 ms
2022-03-30 13:13:42,495 INFO com.mindera.school.spaceshiprent.controller.UserController [http-nio-auto-1-exec-1] Request received to get user at 2022-03-30
2022-03-30 13:13:42,608 INFO com.mindera.school.spaceshiprent.controller.UserController [http-nio-auto-1-exec-2] Request received to get user at 2022-03-30
2022-03-30 13:13:42,612 ERROR com.mindera.school.spaceshiprent.exception.exceptionHandlers.SpaceshipRentExceptionHandler [http-nio-auto-1-exec-2] Can't find any user with the id 5
2022-03-30 13:13:42,938 INFO org.springframework.amqp.rabbit.listener.SimpleMessageListenerContainer [SpringApplicationShutdownHook] Waiting for workers to finish.
2022-03-30 13:13:43,146 INFO org.springframework.amqp.rabbit.listener.SimpleMessageListenerContainer [SpringApplicationShutdownHook] Successfully waited for workers to finish.
2022-03-30 13:13:43,168 INFO org.springframework.orm.jpa.AbstractEntityManagerFactoryBean [SpringApplicationShutdownHook] Closing JPA EntityManagerFactory for persistence unit 'default'
2022-03-30 13:13:43,169 INFO org.hibernate.tool.schema.internal.SchemaDropperImpl$DelayedDropActionImpl [SpringApplicationShutdownHook] HHH000477: Starting delayed evictData of schema as part of SessionFactory shut-down'
2022-03-30 13:13:43,177 INFO com.zaxxer.hikari.HikariDataSource [SpringApplicationShutdownHook] HikariPool-1 - Shutdown initiated...
2022-03-30 13:13:43,182 INFO com.zaxxer.hikari.HikariDataSource [SpringApplicationShutdownHook] HikariPool-1 - Shutdown completed.
